{"C:\\Projects\\Query\\src\\core\\data.js": {"path":"C:\\Projects\\Query\\src\\core\\data.js","statementMap":{"0":{"start":{"line":3,"column":8},"end":{"line":3,"column":33}},"1":{"start":{"line":7,"column":8},"end":{"line":9,"column":9}},"2":{"start":{"line":8,"column":12},"end":{"line":8,"column":49}},"3":{"start":{"line":11,"column":28},"end":{"line":11,"column":54}},"4":{"start":{"line":13,"column":8},"end":{"line":16,"column":9}},"5":{"start":{"line":14,"column":12},"end":{"line":14,"column":138}},"6":{"start":{"line":15,"column":12},"end":{"line":15,"column":18}},"7":{"start":{"line":18,"column":8},"end":{"line":18,"column":34}},"8":{"start":{"line":22,"column":8},"end":{"line":25,"column":9}},"9":{"start":{"line":23,"column":32},"end":{"line":23,"column":58}},"10":{"start":{"line":24,"column":12},"end":{"line":24,"column":75}},"11":{"start":{"line":27,"column":8},"end":{"line":27,"column":19}},"12":{"start":{"line":31,"column":8},"end":{"line":33,"column":9}},"13":{"start":{"line":32,"column":12},"end":{"line":32,"column":18}},"14":{"start":{"line":35,"column":28},"end":{"line":35,"column":54}},"15":{"start":{"line":37,"column":8},"end":{"line":37,"column":31}},"16":{"start":{"line":39,"column":8},"end":{"line":41,"column":9}},"17":{"start":{"line":40,"column":12},"end":{"line":40,"column":41}},"18":{"start":{"line":45,"column":8},"end":{"line":47,"column":9}},"19":{"start":{"line":46,"column":12},"end":{"line":46,"column":18}},"20":{"start":{"line":48,"column":8},"end":{"line":48,"column":37}},"21":{"start":{"line":52,"column":8},"end":{"line":54,"column":9}},"22":{"start":{"line":53,"column":12},"end":{"line":53,"column":28}},"23":{"start":{"line":56,"column":25},"end":{"line":56,"column":77}},"24":{"start":{"line":58,"column":8},"end":{"line":60,"column":9}},"25":{"start":{"line":59,"column":12},"end":{"line":59,"column":63}},"26":{"start":{"line":62,"column":8},"end":{"line":62,"column":43}},"27":{"start":{"line":66,"column":28},"end":{"line":103,"column":1}},"28":{"start":{"line":70,"column":8},"end":{"line":72,"column":9}},"29":{"start":{"line":71,"column":12},"end":{"line":71,"column":18}},"30":{"start":{"line":74,"column":8},"end":{"line":74,"column":22}},"31":{"start":{"line":76,"column":8},"end":{"line":87,"column":9}},"32":{"start":{"line":77,"column":12},"end":{"line":77,"column":38}},"33":{"start":{"line":78,"column":12},"end":{"line":85,"column":13}},"34":{"start":{"line":79,"column":16},"end":{"line":79,"column":25}},"35":{"start":{"line":80,"column":16},"end":{"line":84,"column":17}},"36":{"start":{"line":81,"column":20},"end":{"line":83,"column":21}},"37":{"start":{"line":82,"column":24},"end":{"line":82,"column":66}},"38":{"start":{"line":86,"column":12},"end":{"line":86,"column":23}},"39":{"start":{"line":89,"column":8},"end":{"line":91,"column":9}},"40":{"start":{"line":90,"column":12},"end":{"line":90,"column":72}},"41":{"start":{"line":93,"column":8},"end":{"line":95,"column":10}},"42":{"start":{"line":94,"column":12},"end":{"line":94,"column":43}},"43":{"start":{"line":99,"column":8},"end":{"line":101,"column":10}},"44":{"start":{"line":100,"column":12},"end":{"line":100,"column":41}}},"fnMap":{"0":{"name":"(anonymous_0)","decl":{"start":{"line":2,"column":4},"end":{"line":2,"column":5}},"loc":{"start":{"line":2,"column":18},"end":{"line":4,"column":5}},"line":2},"1":{"name":"(anonymous_1)","decl":{"start":{"line":6,"column":4},"end":{"line":6,"column":5}},"loc":{"start":{"line":6,"column":27},"end":{"line":19,"column":5}},"line":6},"2":{"name":"(anonymous_2)","decl":{"start":{"line":21,"column":4},"end":{"line":21,"column":5}},"loc":{"start":{"line":21,"column":42},"end":{"line":28,"column":5}},"line":21},"3":{"name":"(anonymous_3)","decl":{"start":{"line":30,"column":4},"end":{"line":30,"column":5}},"loc":{"start":{"line":30,"column":24},"end":{"line":42,"column":5}},"line":30},"4":{"name":"(anonymous_4)","decl":{"start":{"line":44,"column":4},"end":{"line":44,"column":5}},"loc":{"start":{"line":44,"column":22},"end":{"line":49,"column":5}},"line":44},"5":{"name":"(anonymous_5)","decl":{"start":{"line":51,"column":4},"end":{"line":51,"column":5}},"loc":{"start":{"line":51,"column":25},"end":{"line":63,"column":5}},"line":51},"6":{"name":"(anonymous_6)","decl":{"start":{"line":67,"column":4},"end":{"line":67,"column":5}},"loc":{"start":{"line":67,"column":18},"end":{"line":96,"column":5}},"line":67},"7":{"name":"(anonymous_7)","decl":{"start":{"line":93,"column":26},"end":{"line":93,"column":27}},"loc":{"start":{"line":93,"column":37},"end":{"line":95,"column":9}},"line":93},"8":{"name":"(anonymous_8)","decl":{"start":{"line":98,"column":4},"end":{"line":98,"column":5}},"loc":{"start":{"line":98,"column":22},"end":{"line":102,"column":5}},"line":98},"9":{"name":"(anonymous_9)","decl":{"start":{"line":99,"column":26},"end":{"line":99,"column":27}},"loc":{"start":{"line":99,"column":37},"end":{"line":101,"column":9}},"line":99}},"branchMap":{"0":{"loc":{"start":{"line":7,"column":8},"end":{"line":9,"column":9}},"type":"if","locations":[{"start":{"line":7,"column":8},"end":{"line":9,"column":9}},{"start":{},"end":{}}],"line":7},"1":{"loc":{"start":{"line":13,"column":8},"end":{"line":16,"column":9}},"type":"if","locations":[{"start":{"line":13,"column":8},"end":{"line":16,"column":9}},{"start":{},"end":{}}],"line":13},"2":{"loc":{"start":{"line":13,"column":12},"end":{"line":13,"column":59}},"type":"binary-expr","locations":[{"start":{"line":13,"column":12},"end":{"line":13,"column":33}},{"start":{"line":13,"column":37},"end":{"line":13,"column":59}}],"line":13},"3":{"loc":{"start":{"line":21,"column":22},"end":{"line":21,"column":41}},"type":"default-arg","locations":[{"start":{"line":21,"column":37},"end":{"line":21,"column":41}}],"line":21},"4":{"loc":{"start":{"line":22,"column":8},"end":{"line":25,"column":9}},"type":"if","locations":[{"start":{"line":22,"column":8},"end":{"line":25,"column":9}},{"start":{},"end":{}}],"line":22},"5":{"loc":{"start":{"line":24,"column":19},"end":{"line":24,"column":75}},"type":"cond-expr","locations":[{"start":{"line":24,"column":25},"end":{"line":24,"column":61}},{"start":{"line":24,"column":64},"end":{"line":24,"column":75}}],"line":24},"6":{"loc":{"start":{"line":24,"column":25},"end":{"line":24,"column":61}},"type":"binary-expr","locations":[{"start":{"line":24,"column":25},"end":{"line":24,"column":45}},{"start":{"line":24,"column":49},"end":{"line":24,"column":61}}],"line":24},"7":{"loc":{"start":{"line":31,"column":8},"end":{"line":33,"column":9}},"type":"if","locations":[{"start":{"line":31,"column":8},"end":{"line":33,"column":9}},{"start":{},"end":{}}],"line":31},"8":{"loc":{"start":{"line":39,"column":8},"end":{"line":41,"column":9}},"type":"if","locations":[{"start":{"line":39,"column":8},"end":{"line":41,"column":9}},{"start":{},"end":{}}],"line":39},"9":{"loc":{"start":{"line":45,"column":8},"end":{"line":47,"column":9}},"type":"if","locations":[{"start":{"line":45,"column":8},"end":{"line":47,"column":9}},{"start":{},"end":{}}],"line":45},"10":{"loc":{"start":{"line":52,"column":8},"end":{"line":54,"column":9}},"type":"if","locations":[{"start":{"line":52,"column":8},"end":{"line":54,"column":9}},{"start":{},"end":{}}],"line":52},"11":{"loc":{"start":{"line":52,"column":12},"end":{"line":52,"column":39}},"type":"binary-expr","locations":[{"start":{"line":52,"column":12},"end":{"line":52,"column":31}},{"start":{"line":52,"column":35},"end":{"line":52,"column":39}}],"line":52},"12":{"loc":{"start":{"line":58,"column":8},"end":{"line":60,"column":9}},"type":"if","locations":[{"start":{"line":58,"column":8},"end":{"line":60,"column":9}},{"start":{},"end":{}}],"line":58},"13":{"loc":{"start":{"line":70,"column":8},"end":{"line":72,"column":9}},"type":"if","locations":[{"start":{"line":70,"column":8},"end":{"line":72,"column":9}},{"start":{},"end":{}}],"line":70},"14":{"loc":{"start":{"line":76,"column":8},"end":{"line":87,"column":9}},"type":"if","locations":[{"start":{"line":76,"column":8},"end":{"line":87,"column":9}},{"start":{},"end":{}}],"line":76},"15":{"loc":{"start":{"line":78,"column":12},"end":{"line":85,"column":13}},"type":"if","locations":[{"start":{"line":78,"column":12},"end":{"line":85,"column":13}},{"start":{},"end":{}}],"line":78},"16":{"loc":{"start":{"line":81,"column":20},"end":{"line":83,"column":21}},"type":"if","locations":[{"start":{"line":81,"column":20},"end":{"line":83,"column":21}},{"start":{},"end":{}}],"line":81},"17":{"loc":{"start":{"line":89,"column":8},"end":{"line":91,"column":9}},"type":"if","locations":[{"start":{"line":89,"column":8},"end":{"line":91,"column":9}},{"start":{},"end":{}}],"line":89},"18":{"loc":{"start":{"line":90,"column":19},"end":{"line":90,"column":72}},"type":"binary-expr","locations":[{"start":{"line":90,"column":19},"end":{"line":90,"column":43}},{"start":{"line":90,"column":47},"end":{"line":90,"column":72}}],"line":90}},"s":{"0":0,"1":0,"2":0,"3":0,"4":0,"5":0,"6":0,"7":0,"8":0,"9":0,"10":0,"11":0,"12":0,"13":0,"14":0,"15":0,"16":0,"17":0,"18":0,"19":0,"20":0,"21":0,"22":0,"23":0,"24":0,"25":0,"26":0,"27":0,"28":0,"29":0,"30":0,"31":0,"32":0,"33":0,"34":0,"35":0,"36":0,"37":0,"38":0,"39":0,"40":0,"41":0,"42":0,"43":0,"44":0},"f":{"0":0,"1":0,"2":0,"3":0,"4":0,"5":0,"6":0,"7":0,"8":0,"9":0},"b":{"0":[0,0],"1":[0,0],"2":[0,0],"3":[0],"4":[0,0],"5":[0,0],"6":[0,0],"7":[0,0],"8":[0,0],"9":[0,0],"10":[0,0],"11":[0,0],"12":[0,0],"13":[0,0],"14":[0,0],"15":[0,0],"16":[0,0],"17":[0,0],"18":[0,0]},"inputSourceMap":null}
,"C:\\Projects\\Query\\src\\core\\query.js": {"path":"C:\\Projects\\Query\\src\\core\\query.js","statementMap":{"0":{"start":{"line":31,"column":23},"end":{"line":34,"column":1}},"1":{"start":{"line":37,"column":31},"end":{"line":37,"column":45}},"2":{"start":{"line":40,"column":8},"end":{"line":43,"column":9}},"3":{"start":{"line":41,"column":24},"end":{"line":41,"column":33}},"4":{"start":{"line":42,"column":12},"end":{"line":42,"column":38}},"5":{"start":{"line":45,"column":8},"end":{"line":45,"column":25}},"6":{"start":{"line":49,"column":8},"end":{"line":49,"column":15}},"7":{"start":{"line":51,"column":8},"end":{"line":51,"column":65}},"8":{"start":{"line":52,"column":8},"end":{"line":52,"column":23}},"9":{"start":{"line":53,"column":8},"end":{"line":53,"column":40}},"10":{"start":{"line":54,"column":8},"end":{"line":54,"column":37}},"11":{"start":{"line":55,"column":8},"end":{"line":55,"column":81}},"12":{"start":{"line":56,"column":8},"end":{"line":56,"column":30}},"13":{"start":{"line":57,"column":8},"end":{"line":57,"column":43}},"14":{"start":{"line":59,"column":8},"end":{"line":59,"column":19}},"15":{"start":{"line":63,"column":8},"end":{"line":63,"column":29}},"16":{"start":{"line":67,"column":8},"end":{"line":67,"column":29}},"17":{"start":{"line":71,"column":8},"end":{"line":73,"column":9}},"18":{"start":{"line":72,"column":12},"end":{"line":72,"column":18}},"19":{"start":{"line":75,"column":8},"end":{"line":78,"column":9}},"20":{"start":{"line":76,"column":12},"end":{"line":76,"column":98}},"21":{"start":{"line":77,"column":12},"end":{"line":77,"column":18}},"22":{"start":{"line":80,"column":8},"end":{"line":84,"column":9}},"23":{"start":{"line":81,"column":12},"end":{"line":81,"column":28}},"24":{"start":{"line":82,"column":12},"end":{"line":82,"column":27}},"25":{"start":{"line":83,"column":12},"end":{"line":83,"column":18}},"26":{"start":{"line":86,"column":8},"end":{"line":90,"column":9}},"27":{"start":{"line":87,"column":12},"end":{"line":87,"column":38}},"28":{"start":{"line":88,"column":12},"end":{"line":88,"column":27}},"29":{"start":{"line":89,"column":12},"end":{"line":89,"column":18}},"30":{"start":{"line":92,"column":8},"end":{"line":96,"column":9}},"31":{"start":{"line":93,"column":12},"end":{"line":93,"column":30}},"32":{"start":{"line":94,"column":12},"end":{"line":94,"column":27}},"33":{"start":{"line":95,"column":12},"end":{"line":95,"column":18}},"34":{"start":{"line":98,"column":8},"end":{"line":103,"column":9}},"35":{"start":{"line":99,"column":12},"end":{"line":101,"column":14}},"36":{"start":{"line":100,"column":16},"end":{"line":100,"column":62}},"37":{"start":{"line":102,"column":12},"end":{"line":102,"column":18}},"38":{"start":{"line":105,"column":8},"end":{"line":108,"column":9}},"39":{"start":{"line":106,"column":12},"end":{"line":106,"column":36}},"40":{"start":{"line":107,"column":12},"end":{"line":107,"column":18}},"41":{"start":{"line":110,"column":8},"end":{"line":116,"column":9}},"42":{"start":{"line":111,"column":29},"end":{"line":111,"column":69}},"43":{"start":{"line":112,"column":12},"end":{"line":114,"column":14}},"44":{"start":{"line":113,"column":16},"end":{"line":113,"column":29}},"45":{"start":{"line":115,"column":12},"end":{"line":115,"column":18}},"46":{"start":{"line":118,"column":8},"end":{"line":156,"column":9}},"47":{"start":{"line":120,"column":12},"end":{"line":123,"column":13}},"48":{"start":{"line":121,"column":16},"end":{"line":121,"column":56}},"49":{"start":{"line":122,"column":16},"end":{"line":122,"column":22}},"50":{"start":{"line":125,"column":27},"end":{"line":125,"column":65}},"51":{"start":{"line":126,"column":32},"end":{"line":126,"column":79}},"52":{"start":{"line":128,"column":12},"end":{"line":155,"column":13}},"53":{"start":{"line":129,"column":16},"end":{"line":131,"column":17}},"54":{"start":{"line":130,"column":20},"end":{"line":130,"column":74}},"55":{"start":{"line":133,"column":16},"end":{"line":142,"column":17}},"56":{"start":{"line":134,"column":30},"end":{"line":134,"column":32}},"57":{"start":{"line":134,"column":39},"end":{"line":134,"column":52}},"58":{"start":{"line":135,"column":20},"end":{"line":139,"column":21}},"59":{"start":{"line":136,"column":24},"end":{"line":136,"column":66}},"60":{"start":{"line":139,"column":21},"end":{"line":139,"column":43}},"61":{"start":{"line":141,"column":20},"end":{"line":141,"column":81}},"62":{"start":{"line":144,"column":16},"end":{"line":144,"column":43}},"63":{"start":{"line":146,"column":16},"end":{"line":154,"column":17}},"64":{"start":{"line":147,"column":20},"end":{"line":153,"column":21}},"65":{"start":{"line":148,"column":24},"end":{"line":150,"column":26}},"66":{"start":{"line":149,"column":28},"end":{"line":149,"column":55}},"67":{"start":{"line":151,"column":27},"end":{"line":153,"column":21}},"68":{"start":{"line":152,"column":24},"end":{"line":152,"column":60}},"69":{"start":{"line":160,"column":14},"end":{"line":160,"column":45}},"70":{"start":{"line":160,"column":27},"end":{"line":160,"column":45}},"71":{"start":{"line":161,"column":10},"end":{"line":161,"column":15}},"72":{"start":{"line":163,"column":0},"end":{"line":163,"column":68}},"73":{"start":{"line":163,"column":27},"end":{"line":163,"column":68}},"74":{"start":{"line":164,"column":0},"end":{"line":164,"column":58}},"75":{"start":{"line":164,"column":27},"end":{"line":164,"column":58}},"76":{"start":{"line":166,"column":0},"end":{"line":178,"column":1}},"77":{"start":{"line":180,"column":0},"end":{"line":224,"column":2}},"78":{"start":{"line":189,"column":18},"end":{"line":189,"column":82}},"79":{"start":{"line":190,"column":20},"end":{"line":190,"column":76}},"80":{"start":{"line":192,"column":8},"end":{"line":197,"column":9}},"81":{"start":{"line":193,"column":22},"end":{"line":193,"column":40}},"82":{"start":{"line":194,"column":12},"end":{"line":196,"column":13}},"83":{"start":{"line":195,"column":16},"end":{"line":195,"column":38}},"84":{"start":{"line":198,"column":8},"end":{"line":198,"column":36}},"85":{"start":{"line":200,"column":29},"end":{"line":200,"column":49}},"86":{"start":{"line":201,"column":24},"end":{"line":201,"column":75}},"87":{"start":{"line":202,"column":23},"end":{"line":202,"column":39}},"88":{"start":{"line":211,"column":21},"end":{"line":211,"column":25}},"89":{"start":{"line":212,"column":22},"end":{"line":212,"column":27}},"90":{"start":{"line":226,"column":9},"end":{"line":226,"column":21}},"91":{"start":{"line":228,"column":0},"end":{"line":239,"column":2}},"92":{"start":{"line":230,"column":8},"end":{"line":230,"column":25}},"93":{"start":{"line":231,"column":8},"end":{"line":231,"column":24}},"94":{"start":{"line":234,"column":8},"end":{"line":236,"column":9}},"95":{"start":{"line":235,"column":12},"end":{"line":235,"column":29}},"96":{"start":{"line":237,"column":8},"end":{"line":237,"column":16}}},"fnMap":{"0":{"name":"(anonymous_0)","decl":{"start":{"line":37,"column":4},"end":{"line":37,"column":5}},"loc":{"start":{"line":37,"column":30},"end":{"line":37,"column":46}},"line":37},"1":{"name":"(anonymous_1)","decl":{"start":{"line":39,"column":4},"end":{"line":39,"column":5}},"loc":{"start":{"line":39,"column":30},"end":{"line":46,"column":5}},"line":39},"2":{"name":"(anonymous_2)","decl":{"start":{"line":48,"column":4},"end":{"line":48,"column":5}},"loc":{"start":{"line":48,"column":44},"end":{"line":60,"column":5}},"line":48},"3":{"name":"(anonymous_3)","decl":{"start":{"line":62,"column":4},"end":{"line":62,"column":5}},"loc":{"start":{"line":62,"column":9},"end":{"line":64,"column":5}},"line":62},"4":{"name":"(anonymous_4)","decl":{"start":{"line":66,"column":4},"end":{"line":66,"column":5}},"loc":{"start":{"line":66,"column":12},"end":{"line":68,"column":5}},"line":66},"5":{"name":"(anonymous_5)","decl":{"start":{"line":70,"column":4},"end":{"line":70,"column":5}},"loc":{"start":{"line":70,"column":10},"end":{"line":157,"column":5}},"line":70},"6":{"name":"(anonymous_6)","decl":{"start":{"line":99,"column":32},"end":{"line":99,"column":33}},"loc":{"start":{"line":99,"column":46},"end":{"line":101,"column":13}},"line":99},"7":{"name":"(anonymous_7)","decl":{"start":{"line":112,"column":27},"end":{"line":112,"column":28}},"loc":{"start":{"line":112,"column":38},"end":{"line":114,"column":13}},"line":112},"8":{"name":"(anonymous_8)","decl":{"start":{"line":135,"column":30},"end":{"line":135,"column":31}},"loc":{"start":{"line":135,"column":40},"end":{"line":137,"column":21}},"line":135},"9":{"name":"(anonymous_9)","decl":{"start":{"line":148,"column":43},"end":{"line":148,"column":44}},"loc":{"start":{"line":148,"column":57},"end":{"line":150,"column":25}},"line":148},"10":{"name":"(anonymous_10)","decl":{"start":{"line":160,"column":14},"end":{"line":160,"column":15}},"loc":{"start":{"line":160,"column":27},"end":{"line":160,"column":45}},"line":160},"11":{"name":"(anonymous_11)","decl":{"start":{"line":163,"column":12},"end":{"line":163,"column":13}},"loc":{"start":{"line":163,"column":27},"end":{"line":163,"column":68}},"line":163},"12":{"name":"(anonymous_12)","decl":{"start":{"line":164,"column":12},"end":{"line":164,"column":13}},"loc":{"start":{"line":164,"column":27},"end":{"line":164,"column":58}},"line":164},"13":{"name":"(anonymous_13)","decl":{"start":{"line":189,"column":10},"end":{"line":189,"column":11}},"loc":{"start":{"line":189,"column":18},"end":{"line":189,"column":82}},"line":189},"14":{"name":"(anonymous_14)","decl":{"start":{"line":190,"column":12},"end":{"line":190,"column":13}},"loc":{"start":{"line":190,"column":20},"end":{"line":190,"column":76}},"line":190},"15":{"name":"(anonymous_15)","decl":{"start":{"line":191,"column":13},"end":{"line":191,"column":14}},"loc":{"start":{"line":191,"column":20},"end":{"line":199,"column":5}},"line":191},"16":{"name":"(anonymous_16)","decl":{"start":{"line":200,"column":10},"end":{"line":200,"column":11}},"loc":{"start":{"line":200,"column":27},"end":{"line":200,"column":51}},"line":200},"17":{"name":"(anonymous_17)","decl":{"start":{"line":201,"column":11},"end":{"line":201,"column":12}},"loc":{"start":{"line":201,"column":24},"end":{"line":201,"column":75}},"line":201},"18":{"name":"(anonymous_18)","decl":{"start":{"line":202,"column":10},"end":{"line":202,"column":11}},"loc":{"start":{"line":202,"column":23},"end":{"line":202,"column":39}},"line":202},"19":{"name":"(anonymous_19)","decl":{"start":{"line":210,"column":10},"end":{"line":210,"column":11}},"loc":{"start":{"line":210,"column":16},"end":{"line":210,"column":18}},"line":210},"20":{"name":"(anonymous_20)","decl":{"start":{"line":211,"column":15},"end":{"line":211,"column":16}},"loc":{"start":{"line":211,"column":21},"end":{"line":211,"column":25}},"line":211},"21":{"name":"(anonymous_21)","decl":{"start":{"line":212,"column":16},"end":{"line":212,"column":17}},"loc":{"start":{"line":212,"column":22},"end":{"line":212,"column":27}},"line":212},"22":{"name":"(anonymous_22)","decl":{"start":{"line":229,"column":4},"end":{"line":229,"column":5}},"loc":{"start":{"line":229,"column":12},"end":{"line":232,"column":5}},"line":229},"23":{"name":"(anonymous_23)","decl":{"start":{"line":233,"column":4},"end":{"line":233,"column":5}},"loc":{"start":{"line":233,"column":16},"end":{"line":238,"column":5}},"line":233}},"branchMap":{"0":{"loc":{"start":{"line":40,"column":8},"end":{"line":43,"column":9}},"type":"if","locations":[{"start":{"line":40,"column":8},"end":{"line":43,"column":9}},{"start":{},"end":{}}],"line":40},"1":{"loc":{"start":{"line":55,"column":24},"end":{"line":55,"column":81}},"type":"cond-expr","locations":[{"start":{"line":55,"column":55},"end":{"line":55,"column":70}},{"start":{"line":55,"column":73},"end":{"line":55,"column":81}}],"line":55},"2":{"loc":{"start":{"line":71,"column":8},"end":{"line":73,"column":9}},"type":"if","locations":[{"start":{"line":71,"column":8},"end":{"line":73,"column":9}},{"start":{},"end":{}}],"line":71},"3":{"loc":{"start":{"line":75,"column":8},"end":{"line":78,"column":9}},"type":"if","locations":[{"start":{"line":75,"column":8},"end":{"line":78,"column":9}},{"start":{},"end":{}}],"line":75},"4":{"loc":{"start":{"line":76,"column":74},"end":{"line":76,"column":95}},"type":"binary-expr","locations":[{"start":{"line":76,"column":74},"end":{"line":76,"column":86}},{"start":{"line":76,"column":90},"end":{"line":76,"column":95}}],"line":76},"5":{"loc":{"start":{"line":80,"column":8},"end":{"line":84,"column":9}},"type":"if","locations":[{"start":{"line":80,"column":8},"end":{"line":84,"column":9}},{"start":{},"end":{}}],"line":80},"6":{"loc":{"start":{"line":80,"column":12},"end":{"line":80,"column":90}},"type":"binary-expr","locations":[{"start":{"line":80,"column":12},"end":{"line":80,"column":38}},{"start":{"line":80,"column":43},"end":{"line":80,"column":56}},{"start":{"line":80,"column":60},"end":{"line":80,"column":89}}],"line":80},"7":{"loc":{"start":{"line":86,"column":8},"end":{"line":90,"column":9}},"type":"if","locations":[{"start":{"line":86,"column":8},"end":{"line":90,"column":9}},{"start":{},"end":{}}],"line":86},"8":{"loc":{"start":{"line":86,"column":12},"end":{"line":86,"column":117}},"type":"binary-expr","locations":[{"start":{"line":86,"column":12},"end":{"line":86,"column":39}},{"start":{"line":86,"column":44},"end":{"line":86,"column":57}},{"start":{"line":86,"column":61},"end":{"line":86,"column":83}},{"start":{"line":86,"column":87},"end":{"line":86,"column":116}}],"line":86},"9":{"loc":{"start":{"line":92,"column":8},"end":{"line":96,"column":9}},"type":"if","locations":[{"start":{"line":92,"column":8},"end":{"line":96,"column":9}},{"start":{},"end":{}}],"line":92},"10":{"loc":{"start":{"line":92,"column":12},"end":{"line":92,"column":117}},"type":"binary-expr","locations":[{"start":{"line":92,"column":12},"end":{"line":92,"column":40}},{"start":{"line":92,"column":45},"end":{"line":92,"column":58}},{"start":{"line":92,"column":62},"end":{"line":92,"column":84}},{"start":{"line":92,"column":88},"end":{"line":92,"column":116}}],"line":92},"11":{"loc":{"start":{"line":98,"column":8},"end":{"line":103,"column":9}},"type":"if","locations":[{"start":{"line":98,"column":8},"end":{"line":103,"column":9}},{"start":{},"end":{}}],"line":98},"12":{"loc":{"start":{"line":98,"column":12},"end":{"line":98,"column":75}},"type":"binary-expr","locations":[{"start":{"line":98,"column":12},"end":{"line":98,"column":45}},{"start":{"line":98,"column":49},"end":{"line":98,"column":75}}],"line":98},"13":{"loc":{"start":{"line":100,"column":26},"end":{"line":100,"column":61}},"type":"cond-expr","locations":[{"start":{"line":100,"column":49},"end":{"line":100,"column":55}},{"start":{"line":100,"column":58},"end":{"line":100,"column":61}}],"line":100},"14":{"loc":{"start":{"line":105,"column":8},"end":{"line":108,"column":9}},"type":"if","locations":[{"start":{"line":105,"column":8},"end":{"line":108,"column":9}},{"start":{},"end":{}}],"line":105},"15":{"loc":{"start":{"line":110,"column":8},"end":{"line":116,"column":9}},"type":"if","locations":[{"start":{"line":110,"column":8},"end":{"line":116,"column":9}},{"start":{},"end":{}}],"line":110},"16":{"loc":{"start":{"line":110,"column":12},"end":{"line":110,"column":74}},"type":"binary-expr","locations":[{"start":{"line":110,"column":12},"end":{"line":110,"column":45}},{"start":{"line":110,"column":49},"end":{"line":110,"column":74}}],"line":110},"17":{"loc":{"start":{"line":118,"column":8},"end":{"line":156,"column":9}},"type":"if","locations":[{"start":{"line":118,"column":8},"end":{"line":156,"column":9}},{"start":{},"end":{}}],"line":118},"18":{"loc":{"start":{"line":120,"column":12},"end":{"line":123,"column":13}},"type":"if","locations":[{"start":{"line":120,"column":12},"end":{"line":123,"column":13}},{"start":{},"end":{}}],"line":120},"19":{"loc":{"start":{"line":120,"column":16},"end":{"line":120,"column":62}},"type":"binary-expr","locations":[{"start":{"line":120,"column":16},"end":{"line":120,"column":37}},{"start":{"line":120,"column":41},"end":{"line":120,"column":62}}],"line":120},"20":{"loc":{"start":{"line":126,"column":32},"end":{"line":126,"column":79}},"type":"binary-expr","locations":[{"start":{"line":126,"column":32},"end":{"line":126,"column":51}},{"start":{"line":126,"column":55},"end":{"line":126,"column":79}}],"line":126},"21":{"loc":{"start":{"line":128,"column":12},"end":{"line":155,"column":13}},"type":"if","locations":[{"start":{"line":128,"column":12},"end":{"line":155,"column":13}},{"start":{"line":143,"column":19},"end":{"line":155,"column":13}}],"line":128},"22":{"loc":{"start":{"line":129,"column":16},"end":{"line":131,"column":17}},"type":"if","locations":[{"start":{"line":129,"column":16},"end":{"line":131,"column":17}},{"start":{},"end":{}}],"line":129},"23":{"loc":{"start":{"line":133,"column":16},"end":{"line":142,"column":17}},"type":"if","locations":[{"start":{"line":133,"column":16},"end":{"line":142,"column":17}},{"start":{"line":140,"column":23},"end":{"line":142,"column":17}}],"line":133},"24":{"loc":{"start":{"line":146,"column":16},"end":{"line":154,"column":17}},"type":"if","locations":[{"start":{"line":146,"column":16},"end":{"line":154,"column":17}},{"start":{},"end":{}}],"line":146},"25":{"loc":{"start":{"line":146,"column":20},"end":{"line":146,"column":65}},"type":"binary-expr","locations":[{"start":{"line":146,"column":20},"end":{"line":146,"column":35}},{"start":{"line":146,"column":39},"end":{"line":146,"column":65}}],"line":146},"26":{"loc":{"start":{"line":147,"column":20},"end":{"line":153,"column":21}},"type":"if","locations":[{"start":{"line":147,"column":20},"end":{"line":153,"column":21}},{"start":{"line":151,"column":27},"end":{"line":153,"column":21}}],"line":147},"27":{"loc":{"start":{"line":151,"column":27},"end":{"line":153,"column":21}},"type":"if","locations":[{"start":{"line":151,"column":27},"end":{"line":153,"column":21}},{"start":{},"end":{}}],"line":151},"28":{"loc":{"start":{"line":189,"column":18},"end":{"line":189,"column":82}},"type":"cond-expr","locations":[{"start":{"line":189,"column":26},"end":{"line":189,"column":35}},{"start":{"line":189,"column":38},"end":{"line":189,"column":82}}],"line":189},"29":{"loc":{"start":{"line":190,"column":20},"end":{"line":190,"column":76}},"type":"cond-expr","locations":[{"start":{"line":190,"column":28},"end":{"line":190,"column":34}},{"start":{"line":190,"column":37},"end":{"line":190,"column":76}}],"line":190},"30":{"loc":{"start":{"line":192,"column":8},"end":{"line":197,"column":9}},"type":"if","locations":[{"start":{"line":192,"column":8},"end":{"line":197,"column":9}},{"start":{},"end":{}}],"line":192},"31":{"loc":{"start":{"line":194,"column":12},"end":{"line":196,"column":13}},"type":"if","locations":[{"start":{"line":194,"column":12},"end":{"line":196,"column":13}},{"start":{},"end":{}}],"line":194},"32":{"loc":{"start":{"line":201,"column":24},"end":{"line":201,"column":75}},"type":"cond-expr","locations":[{"start":{"line":201,"column":51},"end":{"line":201,"column":60}},{"start":{"line":201,"column":63},"end":{"line":201,"column":75}}],"line":201},"33":{"loc":{"start":{"line":214,"column":10},"end":{"line":214,"column":96}},"type":"binary-expr","locations":[{"start":{"line":214,"column":10},"end":{"line":214,"column":31}},{"start":{"line":214,"column":35},"end":{"line":214,"column":96}}],"line":214},"34":{"loc":{"start":{"line":234,"column":8},"end":{"line":236,"column":9}},"type":"if","locations":[{"start":{"line":234,"column":8},"end":{"line":236,"column":9}},{"start":{},"end":{}}],"line":234}},"s":{"0":0,"1":0,"2":0,"3":0,"4":0,"5":0,"6":0,"7":0,"8":0,"9":0,"10":0,"11":0,"12":0,"13":0,"14":0,"15":0,"16":0,"17":0,"18":0,"19":0,"20":0,"21":0,"22":0,"23":0,"24":0,"25":0,"26":0,"27":0,"28":0,"29":0,"30":0,"31":0,"32":0,"33":0,"34":0,"35":0,"36":0,"37":0,"38":0,"39":0,"40":0,"41":0,"42":0,"43":0,"44":0,"45":0,"46":0,"47":0,"48":0,"49":0,"50":0,"51":0,"52":0,"53":0,"54":0,"55":0,"56":0,"57":0,"58":0,"59":0,"60":0,"61":0,"62":0,"63":0,"64":0,"65":0,"66":0,"67":0,"68":0,"69":0,"70":0,"71":0,"72":0,"73":0,"74":0,"75":0,"76":0,"77":0,"78":0,"79":0,"80":0,"81":0,"82":0,"83":0,"84":0,"85":0,"86":0,"87":0,"88":0,"89":0,"90":0,"91":0,"92":0,"93":0,"94":0,"95":0,"96":0},"f":{"0":0,"1":0,"2":0,"3":0,"4":0,"5":0,"6":0,"7":0,"8":0,"9":0,"10":0,"11":0,"12":0,"13":0,"14":0,"15":0,"16":0,"17":0,"18":0,"19":0,"20":0,"21":0,"22":0,"23":0},"b":{"0":[0,0],"1":[0,0],"2":[0,0],"3":[0,0],"4":[0,0],"5":[0,0],"6":[0,0,0],"7":[0,0],"8":[0,0,0,0],"9":[0,0],"10":[0,0,0,0],"11":[0,0],"12":[0,0],"13":[0,0],"14":[0,0],"15":[0,0],"16":[0,0],"17":[0,0],"18":[0,0],"19":[0,0],"20":[0,0],"21":[0,0],"22":[0,0],"23":[0,0],"24":[0,0],"25":[0,0],"26":[0,0],"27":[0,0],"28":[0,0],"29":[0,0],"30":[0,0],"31":[0,0],"32":[0,0],"33":[0,0],"34":[0,0]},"inputSourceMap":null}
,"C:\\Projects\\Query\\src\\helpers\\camel-case.js": {"path":"C:\\Projects\\Query\\src\\helpers\\camel-case.js","statementMap":{"0":{"start":{"line":1,"column":25},"end":{"line":1,"column":81}},"1":{"start":{"line":1,"column":32},"end":{"line":1,"column":81}},"2":{"start":{"line":1,"column":62},"end":{"line":1,"column":80}}},"fnMap":{"0":{"name":"(anonymous_0)","decl":{"start":{"line":1,"column":25},"end":{"line":1,"column":26}},"loc":{"start":{"line":1,"column":32},"end":{"line":1,"column":81}},"line":1},"1":{"name":"(anonymous_1)","decl":{"start":{"line":1,"column":57},"end":{"line":1,"column":58}},"loc":{"start":{"line":1,"column":62},"end":{"line":1,"column":80}},"line":1}},"branchMap":{},"s":{"0":0,"1":0,"2":0},"f":{"0":0,"1":0},"b":{},"inputSourceMap":null}
,"C:\\Projects\\Query\\src\\helpers\\coalesce.js": {"path":"C:\\Projects\\Query\\src\\helpers\\coalesce.js","statementMap":{"0":{"start":{"line":4,"column":17},"end":{"line":4,"column":31}},"1":{"start":{"line":5,"column":4},"end":{"line":7,"column":5}},"2":{"start":{"line":6,"column":8},"end":{"line":6,"column":35}},"3":{"start":{"line":6,"column":25},"end":{"line":6,"column":35}},"4":{"start":{"line":8,"column":4},"end":{"line":8,"column":15}}},"fnMap":{"0":{"name":"coalesce","decl":{"start":{"line":3,"column":16},"end":{"line":3,"column":24}},"loc":{"start":{"line":3,"column":28},"end":{"line":9,"column":1}},"line":3}},"branchMap":{"0":{"loc":{"start":{"line":6,"column":8},"end":{"line":6,"column":35}},"type":"if","locations":[{"start":{"line":6,"column":8},"end":{"line":6,"column":35}},{"start":{},"end":{}}],"line":6}},"s":{"0":0,"1":0,"2":0,"3":0,"4":0},"f":{"0":0},"b":{"0":[0,0]},"inputSourceMap":null}
,"C:\\Projects\\Query\\src\\helpers\\dashed-name.js": {"path":"C:\\Projects\\Query\\src\\helpers\\dashed-name.js","statementMap":{"0":{"start":{"line":1,"column":26},"end":{"line":1,"column":88}},"1":{"start":{"line":1,"column":35},"end":{"line":1,"column":88}},"2":{"start":{"line":1,"column":64},"end":{"line":1,"column":87}}},"fnMap":{"0":{"name":"(anonymous_0)","decl":{"start":{"line":1,"column":26},"end":{"line":1,"column":27}},"loc":{"start":{"line":1,"column":35},"end":{"line":1,"column":88}},"line":1},"1":{"name":"(anonymous_1)","decl":{"start":{"line":1,"column":57},"end":{"line":1,"column":58}},"loc":{"start":{"line":1,"column":64},"end":{"line":1,"column":87}},"line":1}},"branchMap":{},"s":{"0":0,"1":0,"2":0},"f":{"0":0,"1":0},"b":{},"inputSourceMap":null}
,"C:\\Projects\\Query\\src\\helpers\\each.js": {"path":"C:\\Projects\\Query\\src\\helpers\\each.js","statementMap":{"0":{"start":{"line":3,"column":20},"end":{"line":17,"column":1}},"1":{"start":{"line":4,"column":16},"end":{"line":4,"column":17}},"2":{"start":{"line":5,"column":4},"end":{"line":14,"column":5}},"3":{"start":{"line":6,"column":8},"end":{"line":8,"column":10}},"4":{"start":{"line":7,"column":12},"end":{"line":7,"column":47}},"5":{"start":{"line":10,"column":8},"end":{"line":13,"column":9}},"6":{"start":{"line":11,"column":12},"end":{"line":12,"column":61}},"7":{"start":{"line":12,"column":16},"end":{"line":12,"column":61}},"8":{"start":{"line":16,"column":4},"end":{"line":16,"column":14}}},"fnMap":{"0":{"name":"(anonymous_0)","decl":{"start":{"line":3,"column":20},"end":{"line":3,"column":21}},"loc":{"start":{"line":3,"column":33},"end":{"line":17,"column":1}},"line":3},"1":{"name":"(anonymous_1)","decl":{"start":{"line":6,"column":29},"end":{"line":6,"column":30}},"loc":{"start":{"line":6,"column":48},"end":{"line":8,"column":9}},"line":6}},"branchMap":{"0":{"loc":{"start":{"line":5,"column":4},"end":{"line":14,"column":5}},"type":"if","locations":[{"start":{"line":5,"column":4},"end":{"line":14,"column":5}},{"start":{"line":9,"column":11},"end":{"line":14,"column":5}}],"line":5},"1":{"loc":{"start":{"line":11,"column":12},"end":{"line":12,"column":61}},"type":"if","locations":[{"start":{"line":11,"column":12},"end":{"line":12,"column":61}},{"start":{},"end":{}}],"line":11}},"s":{"0":0,"1":0,"2":0,"3":0,"4":0,"5":0,"6":0,"7":0,"8":0},"f":{"0":0,"1":0},"b":{"0":[0,0],"1":[0,0]},"inputSourceMap":null}
,"C:\\Projects\\Query\\src\\helpers\\exec.js": {"path":"C:\\Projects\\Query\\src\\helpers\\exec.js","statementMap":{"0":{"start":{"line":1,"column":20},"end":{"line":19,"column":1}},"1":{"start":{"line":4,"column":4},"end":{"line":16,"column":5}},"2":{"start":{"line":5,"column":8},"end":{"line":5,"column":17}},"3":{"start":{"line":7,"column":4},"end":{"line":16,"column":5}},"4":{"start":{"line":8,"column":19},"end":{"line":8,"column":32}},"5":{"start":{"line":9,"column":8},"end":{"line":9,"column":25}},"6":{"start":{"line":11,"column":8},"end":{"line":13,"column":9}},"7":{"start":{"line":11,"column":20},"end":{"line":11,"column":21}},"8":{"start":{"line":12,"column":12},"end":{"line":12,"column":30}},"9":{"start":{"line":15,"column":8},"end":{"line":15,"column":36}},"10":{"start":{"line":18,"column":4},"end":{"line":18,"column":36}}},"fnMap":{"0":{"name":"(anonymous_0)","decl":{"start":{"line":1,"column":20},"end":{"line":1,"column":21}},"loc":{"start":{"line":1,"column":43},"end":{"line":19,"column":1}},"line":1}},"branchMap":{"0":{"loc":{"start":{"line":4,"column":4},"end":{"line":16,"column":5}},"type":"if","locations":[{"start":{"line":4,"column":4},"end":{"line":16,"column":5}},{"start":{"line":7,"column":4},"end":{"line":16,"column":5}}],"line":4},"1":{"loc":{"start":{"line":7,"column":4},"end":{"line":16,"column":5}},"type":"if","locations":[{"start":{"line":7,"column":4},"end":{"line":16,"column":5}},{"start":{"line":14,"column":11},"end":{"line":16,"column":5}}],"line":7}},"s":{"0":0,"1":0,"2":0,"3":0,"4":0,"5":0,"6":0,"7":0,"8":0,"9":0,"10":0},"f":{"0":0},"b":{"0":[0,0],"1":[0,0]},"inputSourceMap":null}
,"C:\\Projects\\Query\\src\\helpers\\iif.js": {"path":"C:\\Projects\\Query\\src\\helpers\\iif.js","statementMap":{"0":{"start":{"line":1,"column":19},"end":{"line":1,"column":73}},"1":{"start":{"line":1,"column":48},"end":{"line":1,"column":73}}},"fnMap":{"0":{"name":"(anonymous_0)","decl":{"start":{"line":1,"column":19},"end":{"line":1,"column":20}},"loc":{"start":{"line":1,"column":48},"end":{"line":1,"column":73}},"line":1}},"branchMap":{"0":{"loc":{"start":{"line":1,"column":48},"end":{"line":1,"column":73}},"type":"cond-expr","locations":[{"start":{"line":1,"column":55},"end":{"line":1,"column":62}},{"start":{"line":1,"column":65},"end":{"line":1,"column":73}}],"line":1}},"s":{"0":0,"1":0},"f":{"0":0},"b":{"0":[0,0]},"inputSourceMap":null}
,"C:\\Projects\\Query\\src\\helpers\\in-viewport.js": {"path":"C:\\Projects\\Query\\src\\helpers\\in-viewport.js","statementMap":{"0":{"start":{"line":1,"column":26},"end":{"line":10,"column":1}},"1":{"start":{"line":2,"column":17},"end":{"line":2,"column":43}},"2":{"start":{"line":4,"column":4},"end":{"line":9,"column":5}}},"fnMap":{"0":{"name":"(anonymous_0)","decl":{"start":{"line":1,"column":26},"end":{"line":1,"column":27}},"loc":{"start":{"line":1,"column":32},"end":{"line":10,"column":1}},"line":1}},"branchMap":{"0":{"loc":{"start":{"line":5,"column":8},"end":{"line":8,"column":81}},"type":"binary-expr","locations":[{"start":{"line":5,"column":8},"end":{"line":5,"column":21}},{"start":{"line":6,"column":8},"end":{"line":6,"column":22}},{"start":{"line":7,"column":8},"end":{"line":7,"column":84}},{"start":{"line":8,"column":8},"end":{"line":8,"column":81}}],"line":5},"1":{"loc":{"start":{"line":7,"column":24},"end":{"line":7,"column":83}},"type":"binary-expr","locations":[{"start":{"line":7,"column":24},"end":{"line":7,"column":42}},{"start":{"line":7,"column":46},"end":{"line":7,"column":83}}],"line":7},"2":{"loc":{"start":{"line":8,"column":23},"end":{"line":8,"column":80}},"type":"binary-expr","locations":[{"start":{"line":8,"column":23},"end":{"line":8,"column":40}},{"start":{"line":8,"column":44},"end":{"line":8,"column":80}}],"line":8}},"s":{"0":0,"1":0,"2":0},"f":{"0":0},"b":{"0":[0,0,0,0],"1":[0,0],"2":[0,0]},"inputSourceMap":null}
,"C:\\Projects\\Query\\src\\helpers\\is-array-like.js": {"path":"C:\\Projects\\Query\\src\\helpers\\is-array-like.js","statementMap":{"0":{"start":{"line":1,"column":27},"end":{"line":1,"column":95}},"1":{"start":{"line":1,"column":34},"end":{"line":1,"column":95}}},"fnMap":{"0":{"name":"(anonymous_0)","decl":{"start":{"line":1,"column":27},"end":{"line":1,"column":28}},"loc":{"start":{"line":1,"column":34},"end":{"line":1,"column":95}},"line":1}},"branchMap":{"0":{"loc":{"start":{"line":1,"column":34},"end":{"line":1,"column":95}},"type":"binary-expr","locations":[{"start":{"line":1,"column":34},"end":{"line":1,"column":37}},{"start":{"line":1,"column":42},"end":{"line":1,"column":60}},{"start":{"line":1,"column":64},"end":{"line":1,"column":94}}],"line":1}},"s":{"0":0,"1":0},"f":{"0":0},"b":{"0":[0,0,0]},"inputSourceMap":null}
,"C:\\Projects\\Query\\src\\helpers\\is-element.js": {"path":"C:\\Projects\\Query\\src\\helpers\\is-element.js","statementMap":{"0":{"start":{"line":1,"column":25},"end":{"line":1,"column":44}},"1":{"start":{"line":1,"column":32},"end":{"line":1,"column":44}}},"fnMap":{"0":{"name":"(anonymous_0)","decl":{"start":{"line":1,"column":25},"end":{"line":1,"column":26}},"loc":{"start":{"line":1,"column":32},"end":{"line":1,"column":44}},"line":1}},"branchMap":{},"s":{"0":0,"1":0},"f":{"0":0},"b":{},"inputSourceMap":null}
,"C:\\Projects\\Query\\src\\helpers\\is-empty-object.js": {"path":"C:\\Projects\\Query\\src\\helpers\\is-empty-object.js","statementMap":{"0":{"start":{"line":1,"column":29},"end":{"line":9,"column":1}},"1":{"start":{"line":2,"column":4},"end":{"line":4,"column":5}},"2":{"start":{"line":3,"column":8},"end":{"line":3,"column":25}},"3":{"start":{"line":5,"column":4},"end":{"line":7,"column":5}},"4":{"start":{"line":6,"column":8},"end":{"line":6,"column":51}},"5":{"start":{"line":6,"column":38},"end":{"line":6,"column":51}},"6":{"start":{"line":8,"column":4},"end":{"line":8,"column":16}}},"fnMap":{"0":{"name":"(anonymous_0)","decl":{"start":{"line":1,"column":29},"end":{"line":1,"column":30}},"loc":{"start":{"line":1,"column":36},"end":{"line":9,"column":1}},"line":1}},"branchMap":{"0":{"loc":{"start":{"line":2,"column":4},"end":{"line":4,"column":5}},"type":"if","locations":[{"start":{"line":2,"column":4},"end":{"line":4,"column":5}},{"start":{},"end":{}}],"line":2},"1":{"loc":{"start":{"line":2,"column":8},"end":{"line":2,"column":47}},"type":"binary-expr","locations":[{"start":{"line":2,"column":8},"end":{"line":2,"column":31}},{"start":{"line":2,"column":35},"end":{"line":2,"column":47}}],"line":2},"2":{"loc":{"start":{"line":6,"column":8},"end":{"line":6,"column":51}},"type":"if","locations":[{"start":{"line":6,"column":8},"end":{"line":6,"column":51}},{"start":{},"end":{}}],"line":6}},"s":{"0":0,"1":0,"2":0,"3":0,"4":0,"5":0,"6":0},"f":{"0":0},"b":{"0":[0,0],"1":[0,0],"2":[0,0]},"inputSourceMap":null}
,"C:\\Projects\\Query\\src\\helpers\\is-hidden.js": {"path":"C:\\Projects\\Query\\src\\helpers\\is-hidden.js","statementMap":{"0":{"start":{"line":3,"column":24},"end":{"line":6,"column":1}},"1":{"start":{"line":4,"column":14},"end":{"line":4,"column":36}},"2":{"start":{"line":5,"column":4},"end":{"line":5,"column":98}}},"fnMap":{"0":{"name":"(anonymous_0)","decl":{"start":{"line":3,"column":24},"end":{"line":3,"column":25}},"loc":{"start":{"line":3,"column":32},"end":{"line":6,"column":1}},"line":3}},"branchMap":{"0":{"loc":{"start":{"line":5,"column":11},"end":{"line":5,"column":97}},"type":"binary-expr","locations":[{"start":{"line":5,"column":11},"end":{"line":5,"column":27}},{"start":{"line":5,"column":31},"end":{"line":5,"column":50}},{"start":{"line":5,"column":54},"end":{"line":5,"column":65}},{"start":{"line":5,"column":69},"end":{"line":5,"column":97}}],"line":5}},"s":{"0":0,"1":0,"2":0},"f":{"0":0},"b":{"0":[0,0,0,0]},"inputSourceMap":null}
,"C:\\Projects\\Query\\src\\helpers\\is-localhost.js": {"path":"C:\\Projects\\Query\\src\\helpers\\is-localhost.js","statementMap":{"0":{"start":{"line":1,"column":27},"end":{"line":10,"column":1}},"1":{"start":{"line":2,"column":21},"end":{"line":2,"column":57}},"2":{"start":{"line":3,"column":4},"end":{"line":9,"column":5}}},"fnMap":{"0":{"name":"(anonymous_0)","decl":{"start":{"line":1,"column":27},"end":{"line":1,"column":28}},"loc":{"start":{"line":1,"column":35},"end":{"line":10,"column":1}},"line":1}},"branchMap":{"0":{"loc":{"start":{"line":2,"column":21},"end":{"line":2,"column":57}},"type":"binary-expr","locations":[{"start":{"line":2,"column":21},"end":{"line":2,"column":25}},{"start":{"line":2,"column":29},"end":{"line":2,"column":57}}],"line":2},"1":{"loc":{"start":{"line":4,"column":8},"end":{"line":8,"column":89}},"type":"binary-expr","locations":[{"start":{"line":4,"column":8},"end":{"line":4,"column":32}},{"start":{"line":5,"column":8},"end":{"line":5,"column":32}},{"start":{"line":6,"column":8},"end":{"line":6,"column":28}},{"start":{"line":7,"column":8},"end":{"line":7,"column":23}},{"start":{"line":8,"column":8},"end":{"line":8,"column":89}}],"line":4}},"s":{"0":0,"1":0,"2":0},"f":{"0":0},"b":{"0":[0,0],"1":[0,0,0,0,0]},"inputSourceMap":null}
,"C:\\Projects\\Query\\src\\helpers\\is-plain-object.js": {"path":"C:\\Projects\\Query\\src\\helpers\\is-plain-object.js","statementMap":{"0":{"start":{"line":1,"column":29},"end":{"line":11,"column":1}},"1":{"start":{"line":3,"column":4},"end":{"line":5,"column":5}},"2":{"start":{"line":4,"column":8},"end":{"line":4,"column":20}},"3":{"start":{"line":6,"column":4},"end":{"line":6,"column":39}},"4":{"start":{"line":7,"column":4},"end":{"line":9,"column":5}},"5":{"start":{"line":8,"column":8},"end":{"line":8,"column":19}},"6":{"start":{"line":10,"column":4},"end":{"line":10,"column":71}}},"fnMap":{"0":{"name":"(anonymous_0)","decl":{"start":{"line":1,"column":29},"end":{"line":1,"column":30}},"loc":{"start":{"line":1,"column":36},"end":{"line":11,"column":1}},"line":1}},"branchMap":{"0":{"loc":{"start":{"line":3,"column":4},"end":{"line":5,"column":5}},"type":"if","locations":[{"start":{"line":3,"column":4},"end":{"line":5,"column":5}},{"start":{},"end":{}}],"line":3},"1":{"loc":{"start":{"line":3,"column":9},"end":{"line":3,"column":76}},"type":"binary-expr","locations":[{"start":{"line":3,"column":9},"end":{"line":3,"column":13}},{"start":{"line":3,"column":17},"end":{"line":3,"column":76}}],"line":3},"2":{"loc":{"start":{"line":7,"column":4},"end":{"line":9,"column":5}},"type":"if","locations":[{"start":{"line":7,"column":4},"end":{"line":9,"column":5}},{"start":{},"end":{}}],"line":7},"3":{"loc":{"start":{"line":10,"column":11},"end":{"line":10,"column":71}},"type":"binary-expr","locations":[{"start":{"line":10,"column":11},"end":{"line":10,"column":28}},{"start":{"line":10,"column":32},"end":{"line":10,"column":71}}],"line":10}},"s":{"0":0,"1":0,"2":0,"3":0,"4":0,"5":0,"6":0},"f":{"0":0},"b":{"0":[0,0],"1":[0,0],"2":[0,0],"3":[0,0]},"inputSourceMap":null}
,"C:\\Projects\\Query\\src\\helpers\\is-private-address.js": {"path":"C:\\Projects\\Query\\src\\helpers\\is-private-address.js","statementMap":{"0":{"start":{"line":1,"column":32},"end":{"line":1,"column":199}},"1":{"start":{"line":1,"column":72},"end":{"line":1,"column":199}}},"fnMap":{"0":{"name":"(anonymous_0)","decl":{"start":{"line":1,"column":32},"end":{"line":1,"column":33}},"loc":{"start":{"line":1,"column":72},"end":{"line":1,"column":199}},"line":1}},"branchMap":{"0":{"loc":{"start":{"line":1,"column":33},"end":{"line":1,"column":67}},"type":"default-arg","locations":[{"start":{"line":1,"column":39},"end":{"line":1,"column":67}}],"line":1}},"s":{"0":0,"1":0},"f":{"0":0},"b":{"0":[0]},"inputSourceMap":null}
,"C:\\Projects\\Query\\src\\helpers\\is-selector.js": {"path":"C:\\Projects\\Query\\src\\helpers\\is-selector.js","statementMap":{"0":{"start":{"line":1,"column":19},"end":{"line":1,"column":74}},"1":{"start":{"line":1,"column":24},"end":{"line":1,"column":74}},"2":{"start":{"line":3,"column":26},"end":{"line":10,"column":1}},"3":{"start":{"line":4,"column":4},"end":{"line":9,"column":5}},"4":{"start":{"line":5,"column":8},"end":{"line":5,"column":29}},"5":{"start":{"line":6,"column":8},"end":{"line":6,"column":20}},"6":{"start":{"line":8,"column":8},"end":{"line":8,"column":20}}},"fnMap":{"0":{"name":"(anonymous_0)","decl":{"start":{"line":1,"column":19},"end":{"line":1,"column":20}},"loc":{"start":{"line":1,"column":24},"end":{"line":1,"column":74}},"line":1},"1":{"name":"(anonymous_1)","decl":{"start":{"line":3,"column":26},"end":{"line":3,"column":27}},"loc":{"start":{"line":3,"column":38},"end":{"line":10,"column":1}},"line":3}},"branchMap":{},"s":{"0":0,"1":0,"2":0,"3":0,"4":0,"5":0,"6":0},"f":{"0":0,"1":0},"b":{},"inputSourceMap":null}
,"C:\\Projects\\Query\\src\\helpers\\is-touchable.js": {"path":"C:\\Projects\\Query\\src\\helpers\\is-touchable.js","statementMap":{"0":{"start":{"line":1,"column":27},"end":{"line":1,"column":134}},"1":{"start":{"line":1,"column":34},"end":{"line":1,"column":133}}},"fnMap":{"0":{"name":"(anonymous_0)","decl":{"start":{"line":1,"column":27},"end":{"line":1,"column":28}},"loc":{"start":{"line":1,"column":34},"end":{"line":1,"column":133}},"line":1}},"branchMap":{"0":{"loc":{"start":{"line":1,"column":34},"end":{"line":1,"column":133}},"type":"binary-expr","locations":[{"start":{"line":1,"column":35},"end":{"line":1,"column":59}},{"start":{"line":1,"column":65},"end":{"line":1,"column":93}},{"start":{"line":1,"column":99},"end":{"line":1,"column":132}}],"line":1}},"s":{"0":0,"1":0},"f":{"0":0},"b":{"0":[0,0,0]},"inputSourceMap":null}
,"C:\\Projects\\Query\\src\\helpers\\is-visible.js": {"path":"C:\\Projects\\Query\\src\\helpers\\is-visible.js","statementMap":{"0":{"start":{"line":1,"column":25},"end":{"line":1,"column":110}},"1":{"start":{"line":1,"column":35},"end":{"line":1,"column":110}}},"fnMap":{"0":{"name":"(anonymous_0)","decl":{"start":{"line":1,"column":25},"end":{"line":1,"column":26}},"loc":{"start":{"line":1,"column":35},"end":{"line":1,"column":110}},"line":1}},"branchMap":{"0":{"loc":{"start":{"line":1,"column":39},"end":{"line":1,"column":108}},"type":"binary-expr","locations":[{"start":{"line":1,"column":39},"end":{"line":1,"column":55}},{"start":{"line":1,"column":59},"end":{"line":1,"column":76}},{"start":{"line":1,"column":80},"end":{"line":1,"column":108}}],"line":1}},"s":{"0":0,"1":0},"f":{"0":0},"b":{"0":[0,0,0]},"inputSourceMap":null}
,"C:\\Projects\\Query\\src\\helpers\\matches.js": {"path":"C:\\Projects\\Query\\src\\helpers\\matches.js","statementMap":{"0":{"start":{"line":1,"column":23},"end":{"line":1,"column":260}}},"fnMap":{},"branchMap":{"0":{"loc":{"start":{"line":1,"column":23},"end":{"line":1,"column":260}},"type":"binary-expr","locations":[{"start":{"line":1,"column":23},"end":{"line":1,"column":48}},{"start":{"line":1,"column":52},"end":{"line":1,"column":88}},{"start":{"line":1,"column":92},"end":{"line":1,"column":134}},{"start":{"line":1,"column":138},"end":{"line":1,"column":177}},{"start":{"line":1,"column":181},"end":{"line":1,"column":219}},{"start":{"line":1,"column":223},"end":{"line":1,"column":260}}],"line":1}},"s":{"0":0},"f":{},"b":{"0":[0,0,0,0,0,0]},"inputSourceMap":null}
,"C:\\Projects\\Query\\src\\helpers\\nvl.js": {"path":"C:\\Projects\\Query\\src\\helpers\\nvl.js","statementMap":{"0":{"start":{"line":1,"column":19},"end":{"line":1,"column":105}},"1":{"start":{"line":1,"column":41},"end":{"line":1,"column":105}}},"fnMap":{"0":{"name":"(anonymous_0)","decl":{"start":{"line":1,"column":19},"end":{"line":1,"column":20}},"loc":{"start":{"line":1,"column":41},"end":{"line":1,"column":105}},"line":1}},"branchMap":{"0":{"loc":{"start":{"line":1,"column":41},"end":{"line":1,"column":105}},"type":"cond-expr","locations":[{"start":{"line":1,"column":88},"end":{"line":1,"column":99}},{"start":{"line":1,"column":102},"end":{"line":1,"column":105}}],"line":1},"1":{"loc":{"start":{"line":1,"column":42},"end":{"line":1,"column":84}},"type":"binary-expr","locations":[{"start":{"line":1,"column":42},"end":{"line":1,"column":54}},{"start":{"line":1,"column":58},"end":{"line":1,"column":84}}],"line":1}},"s":{"0":0,"1":0},"f":{"0":0},"b":{"0":[0,0],"1":[0,0]},"inputSourceMap":null}
,"C:\\Projects\\Query\\src\\helpers\\parse-html.js": {"path":"C:\\Projects\\Query\\src\\helpers\\parse-html.js","statementMap":{"0":{"start":{"line":3,"column":25},"end":{"line":42,"column":1}},"1":{"start":{"line":4,"column":28},"end":{"line":4,"column":93}},"2":{"start":{"line":6,"column":17},"end":{"line":6,"column":19}},"3":{"start":{"line":8,"column":4},"end":{"line":10,"column":5}},"4":{"start":{"line":9,"column":8},"end":{"line":9,"column":17}},"5":{"start":{"line":12,"column":4},"end":{"line":12,"column":22}},"6":{"start":{"line":14,"column":4},"end":{"line":14,"column":56}},"7":{"start":{"line":15,"column":4},"end":{"line":15,"column":38}},"8":{"start":{"line":16,"column":4},"end":{"line":16,"column":38}},"9":{"start":{"line":17,"column":4},"end":{"line":17,"column":32}},"10":{"start":{"line":18,"column":4},"end":{"line":18,"column":23}},"11":{"start":{"line":20,"column":4},"end":{"line":20,"column":42}},"12":{"start":{"line":22,"column":4},"end":{"line":29,"column":5}},"13":{"start":{"line":23,"column":8},"end":{"line":23,"column":57}},"14":{"start":{"line":25,"column":8},"end":{"line":25,"column":33}},"15":{"start":{"line":26,"column":8},"end":{"line":28,"column":9}},"16":{"start":{"line":26,"column":20},"end":{"line":26,"column":21}},"17":{"start":{"line":27,"column":12},"end":{"line":27,"column":47}},"18":{"start":{"line":31,"column":4},"end":{"line":39,"column":5}},"19":{"start":{"line":32,"column":8},"end":{"line":38,"column":10}},"20":{"start":{"line":33,"column":23},"end":{"line":33,"column":27}},"21":{"start":{"line":34,"column":12},"end":{"line":37,"column":13}},"22":{"start":{"line":35,"column":16},"end":{"line":36,"column":56}},"23":{"start":{"line":36,"column":20},"end":{"line":36,"column":56}},"24":{"start":{"line":41,"column":4},"end":{"line":41,"column":17}}},"fnMap":{"0":{"name":"(anonymous_0)","decl":{"start":{"line":3,"column":25},"end":{"line":3,"column":26}},"loc":{"start":{"line":3,"column":50},"end":{"line":42,"column":1}},"line":3},"1":{"name":"(anonymous_1)","decl":{"start":{"line":32,"column":25},"end":{"line":32,"column":26}},"loc":{"start":{"line":32,"column":35},"end":{"line":38,"column":9}},"line":32}},"branchMap":{"0":{"loc":{"start":{"line":8,"column":4},"end":{"line":10,"column":5}},"type":"if","locations":[{"start":{"line":8,"column":4},"end":{"line":10,"column":5}},{"start":{},"end":{}}],"line":8},"1":{"loc":{"start":{"line":22,"column":4},"end":{"line":29,"column":5}},"type":"if","locations":[{"start":{"line":22,"column":4},"end":{"line":29,"column":5}},{"start":{"line":24,"column":11},"end":{"line":29,"column":5}}],"line":22},"2":{"loc":{"start":{"line":31,"column":4},"end":{"line":39,"column":5}},"type":"if","locations":[{"start":{"line":31,"column":4},"end":{"line":39,"column":5}},{"start":{},"end":{}}],"line":31},"3":{"loc":{"start":{"line":31,"column":8},"end":{"line":31,"column":41}},"type":"binary-expr","locations":[{"start":{"line":31,"column":8},"end":{"line":31,"column":15}},{"start":{"line":31,"column":19},"end":{"line":31,"column":41}}],"line":31},"4":{"loc":{"start":{"line":35,"column":16},"end":{"line":36,"column":56}},"type":"if","locations":[{"start":{"line":35,"column":16},"end":{"line":36,"column":56}},{"start":{},"end":{}}],"line":35}},"s":{"0":0,"1":0,"2":0,"3":0,"4":0,"5":0,"6":0,"7":0,"8":0,"9":0,"10":0,"11":0,"12":0,"13":0,"14":0,"15":0,"16":0,"17":0,"18":0,"19":0,"20":0,"21":0,"22":0,"23":0,"24":0},"f":{"0":0,"1":0},"b":{"0":[0,0],"1":[0,0],"2":[0,0],"3":[0,0],"4":[0,0]},"inputSourceMap":null}
,"C:\\Projects\\Query\\src\\helpers\\str-to-array.js": {"path":"C:\\Projects\\Query\\src\\helpers\\str-to-array.js","statementMap":{"0":{"start":{"line":1,"column":25},"end":{"line":1,"column":85}},"1":{"start":{"line":1,"column":45},"end":{"line":1,"column":85}},"2":{"start":{"line":1,"column":75},"end":{"line":1,"column":83}}},"fnMap":{"0":{"name":"(anonymous_0)","decl":{"start":{"line":1,"column":25},"end":{"line":1,"column":26}},"loc":{"start":{"line":1,"column":45},"end":{"line":1,"column":85}},"line":1},"1":{"name":"(anonymous_1)","decl":{"start":{"line":1,"column":69},"end":{"line":1,"column":70}},"loc":{"start":{"line":1,"column":75},"end":{"line":1,"column":83}},"line":1}},"branchMap":{"0":{"loc":{"start":{"line":1,"column":31},"end":{"line":1,"column":40}},"type":"default-arg","locations":[{"start":{"line":1,"column":37},"end":{"line":1,"column":40}}],"line":1}},"s":{"0":0,"1":0,"2":0},"f":{"0":0,"1":0},"b":{"0":[0]},"inputSourceMap":null}
,"C:\\Projects\\Query\\src\\helpers\\to-type.js": {"path":"C:\\Projects\\Query\\src\\helpers\\to-type.js","statementMap":{"0":{"start":{"line":3,"column":22},"end":{"line":3,"column":93}},"1":{"start":{"line":3,"column":29},"end":{"line":3,"column":93}}},"fnMap":{"0":{"name":"(anonymous_0)","decl":{"start":{"line":3,"column":22},"end":{"line":3,"column":23}},"loc":{"start":{"line":3,"column":29},"end":{"line":3,"column":93}},"line":3}},"branchMap":{},"s":{"0":0,"1":0},"f":{"0":0},"b":{},"inputSourceMap":null}
,"C:\\Projects\\Query\\src\\helpers\\uid.js": {"path":"C:\\Projects\\Query\\src\\helpers\\uid.js","statementMap":{"0":{"start":{"line":1,"column":16},"end":{"line":1,"column":25}},"1":{"start":{"line":3,"column":19},"end":{"line":9,"column":1}},"2":{"start":{"line":4,"column":4},"end":{"line":6,"column":45}},"3":{"start":{"line":5,"column":8},"end":{"line":5,"column":53}},"4":{"start":{"line":8,"column":4},"end":{"line":8,"column":17}}},"fnMap":{"0":{"name":"(anonymous_0)","decl":{"start":{"line":3,"column":19},"end":{"line":3,"column":20}},"loc":{"start":{"line":3,"column":29},"end":{"line":9,"column":1}},"line":3}},"branchMap":{},"s":{"0":0,"1":0,"2":0,"3":0,"4":0},"f":{"0":0},"b":{},"inputSourceMap":null}
,"C:\\Projects\\Query\\src\\helpers\\undef.js": {"path":"C:\\Projects\\Query\\src\\helpers\\undef.js","statementMap":{"0":{"start":{"line":1,"column":21},"end":{"line":3,"column":1}},"1":{"start":{"line":2,"column":4},"end":{"line":2,"column":75}}},"fnMap":{"0":{"name":"(anonymous_0)","decl":{"start":{"line":1,"column":21},"end":{"line":1,"column":22}},"loc":{"start":{"line":1,"column":28},"end":{"line":3,"column":1}},"line":1}},"branchMap":{"0":{"loc":{"start":{"line":2,"column":11},"end":{"line":2,"column":74}},"type":"binary-expr","locations":[{"start":{"line":2,"column":11},"end":{"line":2,"column":37}},{"start":{"line":2,"column":41},"end":{"line":2,"column":58}},{"start":{"line":2,"column":62},"end":{"line":2,"column":74}}],"line":2}},"s":{"0":0,"1":0},"f":{"0":0},"b":{"0":[0,0,0]},"inputSourceMap":null}
,"C:\\Projects\\Query\\src\\plugins\\attr.js": {"path":"C:\\Projects\\Query\\src\\plugins\\attr.js","statementMap":{"0":{"start":{"line":6,"column":20},"end":{"line":74,"column":1}},"1":{"start":{"line":8,"column":27},"end":{"line":8,"column":29}},"2":{"start":{"line":10,"column":8},"end":{"line":12,"column":9}},"3":{"start":{"line":11,"column":12},"end":{"line":11,"column":28}},"4":{"start":{"line":14,"column":8},"end":{"line":19,"column":9}},"5":{"start":{"line":15,"column":12},"end":{"line":17,"column":14}},"6":{"start":{"line":16,"column":16},"end":{"line":16,"column":58}},"7":{"start":{"line":18,"column":12},"end":{"line":18,"column":29}},"8":{"start":{"line":21,"column":8},"end":{"line":23,"column":9}},"9":{"start":{"line":22,"column":12},"end":{"line":22,"column":127}},"10":{"start":{"line":25,"column":8},"end":{"line":34,"column":10}},"11":{"start":{"line":26,"column":23},"end":{"line":26,"column":27}},"12":{"start":{"line":27,"column":12},"end":{"line":33,"column":13}},"13":{"start":{"line":28,"column":16},"end":{"line":30,"column":18}},"14":{"start":{"line":29,"column":20},"end":{"line":29,"column":41}},"15":{"start":{"line":32,"column":16},"end":{"line":32,"column":75}},"16":{"start":{"line":40,"column":8},"end":{"line":47,"column":9}},"17":{"start":{"line":41,"column":12},"end":{"line":46,"column":14}},"18":{"start":{"line":42,"column":27},"end":{"line":42,"column":31}},"19":{"start":{"line":43,"column":16},"end":{"line":45,"column":18}},"20":{"start":{"line":44,"column":20},"end":{"line":44,"column":44}},"21":{"start":{"line":49,"column":8},"end":{"line":49,"column":75}},"22":{"start":{"line":51,"column":8},"end":{"line":56,"column":10}},"23":{"start":{"line":52,"column":23},"end":{"line":52,"column":27}},"24":{"start":{"line":53,"column":12},"end":{"line":55,"column":14}},"25":{"start":{"line":54,"column":16},"end":{"line":54,"column":67}},"26":{"start":{"line":54,"column":43},"end":{"line":54,"column":67}},"27":{"start":{"line":60,"column":8},"end":{"line":68,"column":10}},"28":{"start":{"line":61,"column":23},"end":{"line":61,"column":27}},"29":{"start":{"line":63,"column":12},"end":{"line":67,"column":13}},"30":{"start":{"line":64,"column":16},"end":{"line":64,"column":40}},"31":{"start":{"line":66,"column":16},"end":{"line":66,"column":42}},"32":{"start":{"line":72,"column":8},"end":{"line":72,"column":107}}},"fnMap":{"0":{"name":"(anonymous_0)","decl":{"start":{"line":7,"column":4},"end":{"line":7,"column":5}},"loc":{"start":{"line":7,"column":19},"end":{"line":35,"column":5}},"line":7},"1":{"name":"(anonymous_1)","decl":{"start":{"line":15,"column":37},"end":{"line":15,"column":38}},"loc":{"start":{"line":15,"column":47},"end":{"line":17,"column":13}},"line":15},"2":{"name":"(anonymous_2)","decl":{"start":{"line":25,"column":25},"end":{"line":25,"column":26}},"loc":{"start":{"line":25,"column":35},"end":{"line":34,"column":9}},"line":25},"3":{"name":"(anonymous_3)","decl":{"start":{"line":28,"column":27},"end":{"line":28,"column":28}},"loc":{"start":{"line":28,"column":41},"end":{"line":30,"column":17}},"line":28},"4":{"name":"(anonymous_4)","decl":{"start":{"line":37,"column":16},"end":{"line":37,"column":17}},"loc":{"start":{"line":37,"column":30},"end":{"line":57,"column":5}},"line":37},"5":{"name":"(anonymous_5)","decl":{"start":{"line":41,"column":29},"end":{"line":41,"column":30}},"loc":{"start":{"line":41,"column":39},"end":{"line":46,"column":13}},"line":41},"6":{"name":"(anonymous_6)","decl":{"start":{"line":43,"column":36},"end":{"line":43,"column":37}},"loc":{"start":{"line":43,"column":46},"end":{"line":45,"column":17}},"line":43},"7":{"name":"(anonymous_7)","decl":{"start":{"line":51,"column":25},"end":{"line":51,"column":26}},"loc":{"start":{"line":51,"column":35},"end":{"line":56,"column":9}},"line":51},"8":{"name":"(anonymous_8)","decl":{"start":{"line":53,"column":29},"end":{"line":53,"column":30}},"loc":{"start":{"line":53,"column":39},"end":{"line":55,"column":13}},"line":53},"9":{"name":"(anonymous_9)","decl":{"start":{"line":59,"column":16},"end":{"line":59,"column":17}},"loc":{"start":{"line":59,"column":35},"end":{"line":69,"column":5}},"line":59},"10":{"name":"(anonymous_10)","decl":{"start":{"line":60,"column":25},"end":{"line":60,"column":26}},"loc":{"start":{"line":60,"column":35},"end":{"line":68,"column":9}},"line":60},"11":{"name":"(anonymous_11)","decl":{"start":{"line":71,"column":8},"end":{"line":71,"column":9}},"loc":{"start":{"line":71,"column":21},"end":{"line":73,"column":5}},"line":71}},"branchMap":{"0":{"loc":{"start":{"line":10,"column":8},"end":{"line":12,"column":9}},"type":"if","locations":[{"start":{"line":10,"column":8},"end":{"line":12,"column":9}},{"start":{},"end":{}}],"line":10},"1":{"loc":{"start":{"line":10,"column":12},"end":{"line":10,"column":55}},"type":"binary-expr","locations":[{"start":{"line":10,"column":12},"end":{"line":10,"column":29}},{"start":{"line":10,"column":33},"end":{"line":10,"column":55}}],"line":10},"2":{"loc":{"start":{"line":14,"column":8},"end":{"line":19,"column":9}},"type":"if","locations":[{"start":{"line":14,"column":8},"end":{"line":19,"column":9}},{"start":{},"end":{}}],"line":14},"3":{"loc":{"start":{"line":14,"column":12},"end":{"line":14,"column":49}},"type":"binary-expr","locations":[{"start":{"line":14,"column":12},"end":{"line":14,"column":23}},{"start":{"line":14,"column":27},"end":{"line":14,"column":49}}],"line":14},"4":{"loc":{"start":{"line":21,"column":8},"end":{"line":23,"column":9}},"type":"if","locations":[{"start":{"line":21,"column":8},"end":{"line":23,"column":9}},{"start":{},"end":{}}],"line":21},"5":{"loc":{"start":{"line":22,"column":19},"end":{"line":22,"column":127}},"type":"cond-expr","locations":[{"start":{"line":22,"column":89},"end":{"line":22,"column":115}},{"start":{"line":22,"column":118},"end":{"line":22,"column":127}}],"line":22},"6":{"loc":{"start":{"line":22,"column":19},"end":{"line":22,"column":86}},"type":"binary-expr","locations":[{"start":{"line":22,"column":19},"end":{"line":22,"column":30}},{"start":{"line":22,"column":34},"end":{"line":22,"column":56}},{"start":{"line":22,"column":60},"end":{"line":22,"column":86}}],"line":22},"7":{"loc":{"start":{"line":27,"column":12},"end":{"line":33,"column":13}},"type":"if","locations":[{"start":{"line":27,"column":12},"end":{"line":33,"column":13}},{"start":{"line":31,"column":19},"end":{"line":33,"column":13}}],"line":27},"8":{"loc":{"start":{"line":32,"column":16},"end":{"line":32,"column":75}},"type":"cond-expr","locations":[{"start":{"line":32,"column":22},"end":{"line":32,"column":48}},{"start":{"line":32,"column":51},"end":{"line":32,"column":75}}],"line":32},"9":{"loc":{"start":{"line":40,"column":8},"end":{"line":47,"column":9}},"type":"if","locations":[{"start":{"line":40,"column":8},"end":{"line":47,"column":9}},{"start":{},"end":{}}],"line":40},"10":{"loc":{"start":{"line":49,"column":21},"end":{"line":49,"column":75}},"type":"cond-expr","locations":[{"start":{"line":49,"column":48},"end":{"line":49,"column":68}},{"start":{"line":49,"column":71},"end":{"line":49,"column":75}}],"line":49},"11":{"loc":{"start":{"line":54,"column":16},"end":{"line":54,"column":67}},"type":"if","locations":[{"start":{"line":54,"column":16},"end":{"line":54,"column":67}},{"start":{},"end":{}}],"line":54},"12":{"loc":{"start":{"line":63,"column":12},"end":{"line":67,"column":13}},"type":"if","locations":[{"start":{"line":63,"column":12},"end":{"line":67,"column":13}},{"start":{"line":65,"column":19},"end":{"line":67,"column":13}}],"line":63},"13":{"loc":{"start":{"line":72,"column":15},"end":{"line":72,"column":107}},"type":"cond-expr","locations":[{"start":{"line":72,"column":29},"end":{"line":72,"column":95}},{"start":{"line":72,"column":98},"end":{"line":72,"column":107}}],"line":72},"14":{"loc":{"start":{"line":72,"column":29},"end":{"line":72,"column":95}},"type":"cond-expr","locations":[{"start":{"line":72,"column":35},"end":{"line":72,"column":66}},{"start":{"line":72,"column":69},"end":{"line":72,"column":95}}],"line":72}},"s":{"0":0,"1":0,"2":0,"3":0,"4":0,"5":0,"6":0,"7":0,"8":0,"9":0,"10":0,"11":0,"12":0,"13":0,"14":0,"15":0,"16":0,"17":0,"18":0,"19":0,"20":0,"21":0,"22":0,"23":0,"24":0,"25":0,"26":0,"27":0,"28":0,"29":0,"30":0,"31":0,"32":0},"f":{"0":0,"1":0,"2":0,"3":0,"4":0,"5":0,"6":0,"7":0,"8":0,"9":0,"10":0,"11":0},"b":{"0":[0,0],"1":[0,0],"2":[0,0],"3":[0,0],"4":[0,0],"5":[0,0],"6":[0,0,0],"7":[0,0],"8":[0,0],"9":[0,0],"10":[0,0],"11":[0,0],"12":[0,0],"13":[0,0],"14":[0,0]},"inputSourceMap":null}
,"C:\\Projects\\Query\\src\\plugins\\class.js": {"path":"C:\\Projects\\Query\\src\\plugins\\class.js","statementMap":{"0":{"start":{"line":4,"column":21},"end":{"line":52,"column":1}},"1":{"start":{"line":12,"column":21},"end":{"line":12,"column":26}},"2":{"start":{"line":14,"column":8},"end":{"line":16,"column":9}},"3":{"start":{"line":15,"column":12},"end":{"line":15,"column":24}},"4":{"start":{"line":18,"column":8},"end":{"line":24,"column":10}},"5":{"start":{"line":19,"column":12},"end":{"line":23,"column":14}},"6":{"start":{"line":20,"column":16},"end":{"line":22,"column":17}},"7":{"start":{"line":21,"column":20},"end":{"line":21,"column":33}},"8":{"start":{"line":26,"column":8},"end":{"line":26,"column":21}},"9":{"start":{"line":30,"column":8},"end":{"line":32,"column":10}},"10":{"start":{"line":31,"column":12},"end":{"line":31,"column":31}},"11":{"start":{"line":36,"column":8},"end":{"line":36,"column":113}},"12":{"start":{"line":40,"column":8},"end":{"line":40,"column":75}},"13":{"start":{"line":44,"column":8},"end":{"line":50,"column":10}},"14":{"start":{"line":45,"column":12},"end":{"line":49,"column":14}},"15":{"start":{"line":46,"column":16},"end":{"line":48,"column":17}},"16":{"start":{"line":47,"column":20},"end":{"line":47,"column":42}},"17":{"start":{"line":54,"column":16},"end":{"line":54,"column":63}},"18":{"start":{"line":56,"column":0},"end":{"line":66,"column":2}},"19":{"start":{"line":57,"column":4},"end":{"line":65,"column":5}},"20":{"start":{"line":58,"column":8},"end":{"line":58,"column":36}},"21":{"start":{"line":58,"column":25},"end":{"line":58,"column":36}},"22":{"start":{"line":59,"column":8},"end":{"line":64,"column":10}},"23":{"start":{"line":60,"column":33},"end":{"line":60,"column":68}},"24":{"start":{"line":61,"column":12},"end":{"line":63,"column":14}},"25":{"start":{"line":62,"column":16},"end":{"line":62,"column":52}},"26":{"start":{"line":62,"column":34},"end":{"line":62,"column":52}}},"fnMap":{"0":{"name":"(anonymous_0)","decl":{"start":{"line":5,"column":4},"end":{"line":5,"column":5}},"loc":{"start":{"line":5,"column":14},"end":{"line":5,"column":16}},"line":5},"1":{"name":"(anonymous_1)","decl":{"start":{"line":6,"column":4},"end":{"line":6,"column":5}},"loc":{"start":{"line":6,"column":17},"end":{"line":6,"column":19}},"line":6},"2":{"name":"(anonymous_2)","decl":{"start":{"line":7,"column":4},"end":{"line":7,"column":5}},"loc":{"start":{"line":7,"column":17},"end":{"line":7,"column":19}},"line":7},"3":{"name":"(anonymous_3)","decl":{"start":{"line":8,"column":4},"end":{"line":8,"column":5}},"loc":{"start":{"line":8,"column":19},"end":{"line":8,"column":21}},"line":8},"4":{"name":"(anonymous_4)","decl":{"start":{"line":9,"column":4},"end":{"line":9,"column":5}},"loc":{"start":{"line":9,"column":15},"end":{"line":9,"column":17}},"line":9},"5":{"name":"(anonymous_5)","decl":{"start":{"line":11,"column":4},"end":{"line":11,"column":5}},"loc":{"start":{"line":11,"column":17},"end":{"line":27,"column":5}},"line":11},"6":{"name":"(anonymous_6)","decl":{"start":{"line":18,"column":18},"end":{"line":18,"column":19}},"loc":{"start":{"line":18,"column":29},"end":{"line":24,"column":9}},"line":18},"7":{"name":"(anonymous_7)","decl":{"start":{"line":19,"column":33},"end":{"line":19,"column":34}},"loc":{"start":{"line":19,"column":43},"end":{"line":23,"column":13}},"line":19},"8":{"name":"(anonymous_8)","decl":{"start":{"line":29,"column":4},"end":{"line":29,"column":5}},"loc":{"start":{"line":29,"column":18},"end":{"line":33,"column":5}},"line":29},"9":{"name":"(anonymous_9)","decl":{"start":{"line":30,"column":25},"end":{"line":30,"column":26}},"loc":{"start":{"line":30,"column":35},"end":{"line":32,"column":9}},"line":30},"10":{"name":"(anonymous_10)","decl":{"start":{"line":35,"column":4},"end":{"line":35,"column":5}},"loc":{"start":{"line":35,"column":38},"end":{"line":37,"column":5}},"line":35},"11":{"name":"(anonymous_11)","decl":{"start":{"line":39,"column":4},"end":{"line":39,"column":5}},"loc":{"start":{"line":39,"column":27},"end":{"line":41,"column":5}},"line":39},"12":{"name":"(anonymous_12)","decl":{"start":{"line":43,"column":4},"end":{"line":43,"column":5}},"loc":{"start":{"line":43,"column":23},"end":{"line":51,"column":5}},"line":43},"13":{"name":"(anonymous_13)","decl":{"start":{"line":44,"column":25},"end":{"line":44,"column":26}},"loc":{"start":{"line":44,"column":36},"end":{"line":50,"column":9}},"line":44},"14":{"name":"(anonymous_14)","decl":{"start":{"line":45,"column":42},"end":{"line":45,"column":43}},"loc":{"start":{"line":45,"column":52},"end":{"line":49,"column":13}},"line":45},"15":{"name":"(anonymous_15)","decl":{"start":{"line":56,"column":14},"end":{"line":56,"column":15}},"loc":{"start":{"line":56,"column":24},"end":{"line":66,"column":1}},"line":56},"16":{"name":"(anonymous_16)","decl":{"start":{"line":57,"column":25},"end":{"line":57,"column":26}},"loc":{"start":{"line":57,"column":39},"end":{"line":65,"column":5}},"line":57},"17":{"name":"(anonymous_17)","decl":{"start":{"line":59,"column":25},"end":{"line":59,"column":26}},"loc":{"start":{"line":59,"column":34},"end":{"line":64,"column":9}},"line":59},"18":{"name":"(anonymous_18)","decl":{"start":{"line":61,"column":32},"end":{"line":61,"column":33}},"loc":{"start":{"line":61,"column":42},"end":{"line":63,"column":13}},"line":61}},"branchMap":{"0":{"loc":{"start":{"line":14,"column":8},"end":{"line":16,"column":9}},"type":"if","locations":[{"start":{"line":14,"column":8},"end":{"line":16,"column":9}},{"start":{},"end":{}}],"line":14},"1":{"loc":{"start":{"line":14,"column":12},"end":{"line":14,"column":43}},"type":"binary-expr","locations":[{"start":{"line":14,"column":12},"end":{"line":14,"column":16}},{"start":{"line":14,"column":20},"end":{"line":14,"column":43}}],"line":14},"2":{"loc":{"start":{"line":20,"column":16},"end":{"line":22,"column":17}},"type":"if","locations":[{"start":{"line":20,"column":16},"end":{"line":22,"column":17}},{"start":{},"end":{}}],"line":20},"3":{"loc":{"start":{"line":20,"column":20},"end":{"line":20,"column":71}},"type":"binary-expr","locations":[{"start":{"line":20,"column":20},"end":{"line":20,"column":27}},{"start":{"line":20,"column":31},"end":{"line":20,"column":43}},{"start":{"line":20,"column":47},"end":{"line":20,"column":71}}],"line":20},"4":{"loc":{"start":{"line":35,"column":12},"end":{"line":35,"column":21}},"type":"default-arg","locations":[{"start":{"line":35,"column":20},"end":{"line":35,"column":21}}],"line":35},"5":{"loc":{"start":{"line":35,"column":23},"end":{"line":35,"column":37}},"type":"default-arg","locations":[{"start":{"line":35,"column":33},"end":{"line":35,"column":37}}],"line":35},"6":{"loc":{"start":{"line":36,"column":15},"end":{"line":36,"column":113}},"type":"cond-expr","locations":[{"start":{"line":36,"column":35},"end":{"line":36,"column":44}},{"start":{"line":36,"column":47},"end":{"line":36,"column":113}}],"line":36},"7":{"loc":{"start":{"line":36,"column":47},"end":{"line":36,"column":113}},"type":"cond-expr","locations":[{"start":{"line":36,"column":57},"end":{"line":36,"column":89}},{"start":{"line":36,"column":92},"end":{"line":36,"column":113}}],"line":36},"8":{"loc":{"start":{"line":39,"column":17},"end":{"line":39,"column":26}},"type":"default-arg","locations":[{"start":{"line":39,"column":25},"end":{"line":39,"column":26}}],"line":39},"9":{"loc":{"start":{"line":40,"column":15},"end":{"line":40,"column":75}},"type":"cond-expr","locations":[{"start":{"line":40,"column":35},"end":{"line":40,"column":44}},{"start":{"line":40,"column":47},"end":{"line":40,"column":75}}],"line":40},"10":{"loc":{"start":{"line":46,"column":16},"end":{"line":48,"column":17}},"type":"if","locations":[{"start":{"line":46,"column":16},"end":{"line":48,"column":17}},{"start":{},"end":{}}],"line":46},"11":{"loc":{"start":{"line":58,"column":8},"end":{"line":58,"column":36}},"type":"if","locations":[{"start":{"line":58,"column":8},"end":{"line":58,"column":36}},{"start":{},"end":{}}],"line":58},"12":{"loc":{"start":{"line":62,"column":16},"end":{"line":62,"column":52}},"type":"if","locations":[{"start":{"line":62,"column":16},"end":{"line":62,"column":52}},{"start":{},"end":{}}],"line":62}},"s":{"0":0,"1":0,"2":0,"3":0,"4":0,"5":0,"6":0,"7":0,"8":0,"9":0,"10":0,"11":0,"12":0,"13":0,"14":0,"15":0,"16":0,"17":0,"18":0,"19":0,"20":0,"21":0,"22":0,"23":0,"24":0,"25":0,"26":0},"f":{"0":0,"1":0,"2":0,"3":0,"4":0,"5":0,"6":0,"7":0,"8":0,"9":0,"10":0,"11":0,"12":0,"13":0,"14":0,"15":0,"16":0,"17":0,"18":0},"b":{"0":[0,0],"1":[0,0],"2":[0,0],"3":[0,0,0],"4":[0],"5":[0],"6":[0,0],"7":[0,0],"8":[0],"9":[0,0],"10":[0,0],"11":[0,0],"12":[0,0]},"inputSourceMap":null}
,"C:\\Projects\\Query\\src\\plugins\\contains.js": {"path":"C:\\Projects\\Query\\src\\plugins\\contains.js","statementMap":{"0":{"start":{"line":7,"column":24},"end":{"line":399,"column":1}},"1":{"start":{"line":9,"column":25},"end":{"line":9,"column":27}},"2":{"start":{"line":11,"column":8},"end":{"line":13,"column":9}},"3":{"start":{"line":12,"column":12},"end":{"line":12,"column":25}},"4":{"start":{"line":15,"column":8},"end":{"line":23,"column":9}},"5":{"start":{"line":16,"column":12},"end":{"line":16,"column":24}},"6":{"start":{"line":17,"column":15},"end":{"line":23,"column":9}},"7":{"start":{"line":18,"column":12},"end":{"line":18,"column":23}},"8":{"start":{"line":19,"column":15},"end":{"line":23,"column":9}},"9":{"start":{"line":20,"column":12},"end":{"line":20,"column":26}},"10":{"start":{"line":22,"column":12},"end":{"line":22,"column":26}},"11":{"start":{"line":25,"column":8},"end":{"line":27,"column":9}},"12":{"start":{"line":26,"column":12},"end":{"line":26,"column":25}},"13":{"start":{"line":29,"column":8},"end":{"line":41,"column":9}},"14":{"start":{"line":30,"column":12},"end":{"line":34,"column":14}},"15":{"start":{"line":30,"column":37},"end":{"line":34,"column":14}},"16":{"start":{"line":31,"column":16},"end":{"line":33,"column":17}},"17":{"start":{"line":32,"column":20},"end":{"line":32,"column":30}},"18":{"start":{"line":36,"column":12},"end":{"line":40,"column":14}},"19":{"start":{"line":37,"column":16},"end":{"line":39,"column":17}},"20":{"start":{"line":38,"column":20},"end":{"line":38,"column":30}},"21":{"start":{"line":42,"column":8},"end":{"line":42,"column":21}},"22":{"start":{"line":46,"column":8},"end":{"line":48,"column":9}},"23":{"start":{"line":47,"column":12},"end":{"line":47,"column":23}},"24":{"start":{"line":49,"column":8},"end":{"line":49,"column":58}},"25":{"start":{"line":53,"column":8},"end":{"line":53,"column":94}},"26":{"start":{"line":57,"column":21},"end":{"line":57,"column":26}},"27":{"start":{"line":59,"column":8},"end":{"line":61,"column":9}},"28":{"start":{"line":60,"column":12},"end":{"line":60,"column":24}},"29":{"start":{"line":63,"column":8},"end":{"line":120,"column":9}},"30":{"start":{"line":64,"column":12},"end":{"line":72,"column":14}},"31":{"start":{"line":65,"column":27},"end":{"line":65,"column":31}},"32":{"start":{"line":66,"column":16},"end":{"line":71,"column":18}},"33":{"start":{"line":67,"column":32},"end":{"line":67,"column":36}},"34":{"start":{"line":68,"column":20},"end":{"line":70,"column":21}},"35":{"start":{"line":69,"column":24},"end":{"line":69,"column":37}},"36":{"start":{"line":75,"column":8},"end":{"line":120,"column":9}},"37":{"start":{"line":76,"column":12},"end":{"line":78,"column":14}},"38":{"start":{"line":77,"column":16},"end":{"line":77,"column":59}},"39":{"start":{"line":77,"column":46},"end":{"line":77,"column":59}},"40":{"start":{"line":81,"column":8},"end":{"line":120,"column":9}},"41":{"start":{"line":82,"column":12},"end":{"line":84,"column":14}},"42":{"start":{"line":83,"column":16},"end":{"line":83,"column":58}},"43":{"start":{"line":83,"column":45},"end":{"line":83,"column":58}},"44":{"start":{"line":87,"column":8},"end":{"line":120,"column":9}},"45":{"start":{"line":88,"column":12},"end":{"line":90,"column":14}},"46":{"start":{"line":89,"column":16},"end":{"line":89,"column":61}},"47":{"start":{"line":89,"column":48},"end":{"line":89,"column":61}},"48":{"start":{"line":93,"column":8},"end":{"line":120,"column":9}},"49":{"start":{"line":94,"column":12},"end":{"line":103,"column":14}},"50":{"start":{"line":95,"column":31},"end":{"line":95,"column":53}},"51":{"start":{"line":96,"column":16},"end":{"line":102,"column":31}},"52":{"start":{"line":102,"column":18},"end":{"line":102,"column":31}},"53":{"start":{"line":106,"column":8},"end":{"line":120,"column":9}},"54":{"start":{"line":107,"column":12},"end":{"line":111,"column":14}},"55":{"start":{"line":108,"column":16},"end":{"line":110,"column":17}},"56":{"start":{"line":109,"column":20},"end":{"line":109,"column":33}},"57":{"start":{"line":114,"column":8},"end":{"line":120,"column":9}},"58":{"start":{"line":115,"column":12},"end":{"line":119,"column":14}},"59":{"start":{"line":116,"column":16},"end":{"line":118,"column":17}},"60":{"start":{"line":117,"column":20},"end":{"line":117,"column":33}},"61":{"start":{"line":122,"column":8},"end":{"line":122,"column":21}},"62":{"start":{"line":126,"column":21},"end":{"line":126,"column":25}},"63":{"start":{"line":127,"column":19},"end":{"line":127,"column":23}},"64":{"start":{"line":129,"column":8},"end":{"line":129,"column":51}},"65":{"start":{"line":129,"column":39},"end":{"line":129,"column":51}},"66":{"start":{"line":131,"column":8},"end":{"line":136,"column":9}},"67":{"start":{"line":131,"column":21},"end":{"line":131,"column":22}},"68":{"start":{"line":132,"column":12},"end":{"line":135,"column":13}},"69":{"start":{"line":133,"column":16},"end":{"line":133,"column":30}},"70":{"start":{"line":134,"column":16},"end":{"line":134,"column":21}},"71":{"start":{"line":138,"column":8},"end":{"line":138,"column":21}},"72":{"start":{"line":142,"column":8},"end":{"line":142,"column":39}},"73":{"start":{"line":146,"column":8},"end":{"line":146,"column":25}},"74":{"start":{"line":150,"column":8},"end":{"line":153,"column":9}},"75":{"start":{"line":151,"column":22},"end":{"line":151,"column":24}},"76":{"start":{"line":152,"column":12},"end":{"line":152,"column":44}},"77":{"start":{"line":152,"column":23},"end":{"line":152,"column":44}},"78":{"start":{"line":155,"column":8},"end":{"line":155,"column":69}},"79":{"start":{"line":159,"column":21},"end":{"line":159,"column":55}},"80":{"start":{"line":159,"column":43},"end":{"line":159,"column"
[...]
","locations":[{"start":{"line":173,"column":25},"end":{"line":173,"column":74}},{"start":{"line":173,"column":77},"end":{"line":173,"column":81}}],"line":173},"31":{"loc":{"start":{"line":176,"column":12},"end":{"line":179,"column":13}},"type":"if","locations":[{"start":{"line":176,"column":12},"end":{"line":179,"column":13}},{"start":{},"end":{}}],"line":176},"32":{"loc":{"start":{"line":193,"column":8},"end":{"line":195,"column":9}},"type":"if","locations":[{"start":{"line":193,"column":8},"end":{"line":195,"column":9}},{"start":{},"end":{}}],"line":193},"33":{"loc":{"start":{"line":193,"column":12},"end":{"line":193,"column":43}},"type":"binary-expr","locations":[{"start":{"line":193,"column":12},"end":{"line":193,"column":24}},{"start":{"line":193,"column":28},"end":{"line":193,"column":43}}],"line":193},"34":{"loc":{"start":{"line":215,"column":8},"end":{"line":217,"column":9}},"type":"if","locations":[{"start":{"line":215,"column":8},"end":{"line":217,"column":9}},{"start":{},"end":{}}],"line":215},"35":{"loc":{"start":{"line":215,"column":12},"end":{"line":215,"column":43}},"type":"binary-expr","locations":[{"start":{"line":215,"column":12},"end":{"line":215,"column":24}},{"start":{"line":215,"column":28},"end":{"line":215,"column":43}}],"line":215},"36":{"loc":{"start":{"line":235,"column":8},"end":{"line":237,"column":9}},"type":"if","locations":[{"start":{"line":235,"column":8},"end":{"line":237,"column":9}},{"start":{},"end":{}}],"line":235},"37":{"loc":{"start":{"line":241,"column":8},"end":{"line":243,"column":9}},"type":"if","locations":[{"start":{"line":241,"column":8},"end":{"line":243,"column":9}},{"start":{},"end":{}}],"line":241}},"s":{"0":0,"1":0,"2":0,"3":0,"4":0,"5":0,"6":0,"7":0,"8":0,"9":0,"10":0,"11":0,"12":0,"13":0,"14":0,"15":0,"16":0,"17":0,"18":0,"19":0,"20":0,"21":0,"22":0,"23":0,"24":0,"25":0,"26":0,"27":0,"28":0,"29":0,"30":0,"31":0,"32":0,"33":0,"34":0,"35":0,"36":0,"37":0,"38":0,"39":0,"40":0,"41":0,"42":0,"43":0,"44":0,"45":0,"46":0,"47":0,"48":0,"49":0,"50":0,"51":0,"52":0,"53":0,"54":0,"55":0,"56":0,"57":0,"58":0,"59":0,"60":0,"61":0,"62":0,"63":0,"64":0,"65":0,"66":0,"67":0,"68":0,"69":0,"70":0,"71":0,"72":0,"73":0,"74":0,"75":0,"76":0,"77":0,"78":0,"79":0,"80":0,"81":0,"82":0,"83":0,"84":0,"85":0,"86":0,"87":0,"88":0,"89":0,"90":0,"91":0,"92":0,"93":0,"94":0,"95":0,"96":0,"97":0,"98":0,"99":0,"100":0,"101":0,"102":0,"103":0,"104":0,"105":0,"106":0,"107":0,"108":0,"109":0,"110":0,"111":0,"112":0,"113":0,"114":0,"115":0,"116":0,"117":0,"118":0,"119":0,"120":0,"121":0,"122":0,"123":0,"124":0,"125":0,"126":0,"127":0,"128":0,"129":0,"130":0,"131":0,"132":0,"133":0,"134":0,"135":0,"136":0,"137":0,"138":0,"139":0,"140":0,"141":0},"f":{"0":0,"1":0,"2":0,"3":0,"4":0,"5":0,"6":0,"7":0,"8":0,"9":0,"10":0,"11":0,"12":0,"13":0,"14":0,"15":0,"16":0,"17":0,"18":0,"19":0,"20":0,"21":0,"22":0,"23":0,"24":0,"25":0,"26":0,"27":0,"28":0,"29":0,"30":0,"31":0,"32":0,"33":0,"34":0,"35":0,"36":0,"37":0,"38":0,"39":0,"40":0,"41":0,"42":0,"43":0,"44":0},"b":{"0":[0,0],"1":[0,0],"2":[0,0],"3":[0,0],"4":[0,0],"5":[0,0],"6":[0,0],"7":[0,0],"8":[0,0],"9":[0,0],"10":[0,0],"11":[0,0],"12":[0,0],"13":[0,0],"14":[0,0],"15":[0,0],"16":[0,0],"17":[0,0],"18":[0,0],"19":[0,0],"20":[0,0],"21":[0,0],"22":[0,0],"23":[0,0],"24":[0,0],"25":[0],"26":[0],"27":[0,0],"28":[0],"29":[0,0],"30":[0,0],"31":[0,0],"32":[0,0],"33":[0,0],"34":[0,0],"35":[0,0],"36":[0,0],"37":[0,0]},"inputSourceMap":null}
,"C:\\Projects\\Query\\src\\plugins\\script.js": {"path":"C:\\Projects\\Query\\src\\plugins\\script.js","statementMap":{"0":{"start":{"line":3,"column":28},"end":{"line":25,"column":1}},"1":{"start":{"line":4,"column":4},"end":{"line":6,"column":5}},"2":{"start":{"line":5,"column":8},"end":{"line":5,"column":14}},"3":{"start":{"line":8,"column":21},"end":{"line":8,"column":26}},"4":{"start":{"line":10,"column":4},"end":{"line":24,"column":6}},"5":{"start":{"line":11,"column":8},"end":{"line":23,"column":9}},"6":{"start":{"line":12,"column":22},"end":{"line":12,"column":54}},"7":{"start":{"line":13,"column":12},"end":{"line":13,"column":38}},"8":{"start":{"line":14,"column":12},"end":{"line":18,"column":13}},"9":{"start":{"line":15,"column":16},"end":{"line":15,"column":31}},"10":{"start":{"line":17,"column":16},"end":{"line":17,"column":45}},"11":{"start":{"line":19,"column":12},"end":{"line":19,"column":34}},"12":{"start":{"line":20,"column":12},"end":{"line":21,"column":48}},"13":{"start":{"line":21,"column":16},"end":{"line":21,"column":48}},"14":{"start":{"line":22,"column":12},"end":{"line":22,"column":20}},"15":{"start":{"line":27,"column":22},"end":{"line":32,"column":1}},"16":{"start":{"line":29,"column":8},"end":{"line":29,"column":35}},"17":{"start":{"line":30,"column":8},"end":{"line":30,"column":19}}},"fnMap":{"0":{"name":"(anonymous_0)","decl":{"start":{"line":3,"column":28},"end":{"line":3,"column":29}},"loc":{"start":{"line":3,"column":61},"end":{"line":25,"column":1}},"line":3},"1":{"name":"(anonymous_1)","decl":{"start":{"line":10,"column":19},"end":{"line":10,"column":20}},"loc":{"start":{"line":10,"column":31},"end":{"line":24,"column":5}},"line":10},"2":{"name":"(anonymous_2)","decl":{"start":{"line":28,"column":4},"end":{"line":28,"column":5}},"loc":{"start":{"line":28,"column":19},"end":{"line":31,"column":5}},"line":28}},"branchMap":{"0":{"loc":{"start":{"line":3,"column":33},"end":{"line":3,"column":56}},"type":"default-arg","locations":[{"start":{"line":3,"column":43},"end":{"line":3,"column":56}}],"line":3},"1":{"loc":{"start":{"line":4,"column":4},"end":{"line":6,"column":5}},"type":"if","locations":[{"start":{"line":4,"column":4},"end":{"line":6,"column":5}},{"start":{},"end":{}}],"line":4},"2":{"loc":{"start":{"line":11,"column":8},"end":{"line":23,"column":9}},"type":"if","locations":[{"start":{"line":11,"column":8},"end":{"line":23,"column":9}},{"start":{},"end":{}}],"line":11},"3":{"loc":{"start":{"line":11,"column":12},"end":{"line":11,"column":51}},"type":"binary-expr","locations":[{"start":{"line":11,"column":12},"end":{"line":11,"column":23}},{"start":{"line":11,"column":27},"end":{"line":11,"column":51}}],"line":11},"4":{"loc":{"start":{"line":14,"column":12},"end":{"line":18,"column":13}},"type":"if","locations":[{"start":{"line":14,"column":12},"end":{"line":18,"column":13}},{"start":{"line":16,"column":19},"end":{"line":18,"column":13}}],"line":14},"5":{"loc":{"start":{"line":20,"column":12},"end":{"line":21,"column":48}},"type":"if","locations":[{"start":{"line":20,"column":12},"end":{"line":21,"column":48}},{"start":{},"end":{}}],"line":20}},"s":{"0":0,"1":0,"2":0,"3":0,"4":0,"5":0,"6":0,"7":0,"8":0,"9":0,"10":0,"11":0,"12":0,"13":0,"14":0,"15":0,"16":0,"17":0},"f":{"0":0,"1":0,"2":0},"b":{"0":[0],"1":[0,0],"2":[0,0],"3":[0,0],"4":[0,0],"5":[0,0]},"inputSourceMap":null}
,"C:\\Projects\\Query\\src\\plugins\\scroll.js": {"path":"C:\\Projects\\Query\\src\\plugins\\scroll.js","statementMap":{"0":{"start":{"line":3,"column":22},"end":{"line":23,"column":1}},"1":{"start":{"line":5,"column":8},"end":{"line":7,"column":9}},"2":{"start":{"line":6,"column":12},"end":{"line":6,"column":99}},"3":{"start":{"line":9,"column":8},"end":{"line":11,"column":10}},"4":{"start":{"line":10,"column":12},"end":{"line":10,"column":32}},"5":{"start":{"line":15,"column":8},"end":{"line":17,"column":9}},"6":{"start":{"line":16,"column":12},"end":{"line":16,"column":100}},"7":{"start":{"line":19,"column":8},"end":{"line":21,"column":10}},"8":{"start":{"line":20,"column":12},"end":{"line":20,"column":33}}},"fnMap":{"0":{"name":"(anonymous_0)","decl":{"start":{"line":4,"column":15},"end":{"line":4,"column":16}},"loc":{"start":{"line":4,"column":28},"end":{"line":12,"column":5}},"line":4},"1":{"name":"(anonymous_1)","decl":{"start":{"line":9,"column":25},"end":{"line":9,"column":26}},"loc":{"start":{"line":9,"column":35},"end":{"line":11,"column":9}},"line":9},"2":{"name":"(anonymous_2)","decl":{"start":{"line":14,"column":16},"end":{"line":14,"column":17}},"loc":{"start":{"line":14,"column":29},"end":{"line":22,"column":5}},"line":14},"3":{"name":"(anonymous_3)","decl":{"start":{"line":19,"column":25},"end":{"line":19,"column":26}},"loc":{"start":{"line":19,"column":35},"end":{"line":21,"column":9}},"line":19}},"branchMap":{"0":{"loc":{"start":{"line":5,"column":8},"end":{"line":7,"column":9}},"type":"if","locations":[{"start":{"line":5,"column":8},"end":{"line":7,"column":9}},{"start":{},"end":{}}],"line":5},"1":{"loc":{"start":{"line":6,"column":19},"end":{"line":6,"column":99}},"type":"cond-expr","locations":[{"start":{"line":6,"column":39},"end":{"line":6,"column":48}},{"start":{"line":6,"column":51},"end":{"line":6,"column":99}}],"line":6},"2":{"loc":{"start":{"line":6,"column":51},"end":{"line":6,"column":99}},"type":"cond-expr","locations":[{"start":{"line":6,"column":72},"end":{"line":6,"column":79}},{"start":{"line":6,"column":82},"end":{"line":6,"column":99}}],"line":6},"3":{"loc":{"start":{"line":15,"column":8},"end":{"line":17,"column":9}},"type":"if","locations":[{"start":{"line":15,"column":8},"end":{"line":17,"column":9}},{"start":{},"end":{}}],"line":15},"4":{"loc":{"start":{"line":16,"column":19},"end":{"line":16,"column":100}},"type":"cond-expr","locations":[{"start":{"line":16,"column":39},"end":{"line":16,"column":48}},{"start":{"line":16,"column":51},"end":{"line":16,"column":100}}],"line":16},"5":{"loc":{"start":{"line":16,"column":51},"end":{"line":16,"column":100}},"type":"cond-expr","locations":[{"start":{"line":16,"column":72},"end":{"line":16,"column":79}},{"start":{"line":16,"column":82},"end":{"line":16,"column":100}}],"line":16}},"s":{"0":0,"1":0,"2":0,"3":0,"4":0,"5":0,"6":0,"7":0,"8":0},"f":{"0":0,"1":0,"2":0,"3":0},"b":{"0":[0,0],"1":[0,0],"2":[0,0],"3":[0,0],"4":[0,0],"5":[0,0]},"inputSourceMap":null}
,"C:\\Projects\\Query\\src\\plugins\\serialize.js": {"path":"C:\\Projects\\Query\\src\\plugins\\serialize.js","statementMap":{"0":{"start":{"line":3,"column":25},"end":{"line":84,"column":1}},"1":{"start":{"line":5,"column":22},"end":{"line":5,"column":32}},"2":{"start":{"line":5,"column":38},"end":{"line":5,"column":40}},"3":{"start":{"line":7,"column":8},"end":{"line":10,"column":9}},"4":{"start":{"line":8,"column":12},"end":{"line":8,"column":61}},"5":{"start":{"line":9,"column":12},"end":{"line":9,"column":19}},"6":{"start":{"line":12,"column":8},"end":{"line":57,"column":9}},"7":{"start":{"line":12,"column":21},"end":{"line":12,"column":46}},"8":{"start":{"line":13,"column":12},"end":{"line":15,"column":13}},"9":{"start":{"line":14,"column":16},"end":{"line":14,"column":25}},"10":{"start":{"line":16,"column":12},"end":{"line":56,"column":13}},"11":{"start":{"line":18,"column":20},"end":{"line":28,"column":21}},"12":{"start":{"line":21,"column":28},"end":{"line":23,"column":29}},"13":{"start":{"line":22,"column":32},"end":{"line":22,"column":115}},"14":{"start":{"line":24,"column":28},"end":{"line":24,"column":34}},"15":{"start":{"line":26,"column":28},"end":{"line":26,"column":34}},"16":{"start":{"line":27,"column":33},"end":{"line":27,"column":116}},"17":{"start":{"line":29,"column":20},"end":{"line":29,"column":26}},"18":{"start":{"line":31,"column":20},"end":{"line":31,"column":103}},"19":{"start":{"line":32,"column":20},"end":{"line":32,"column":26}},"20":{"start":{"line":34,"column":20},"end":{"line":45,"column":21}},"21":{"start":{"line":36,"column":28},"end":{"line":36,"column":111}},"22":{"start":{"line":37,"column":28},"end":{"line":37,"column":34}},"23":{"start":{"line":39,"column":28},"end":{"line":43,"column":29}},"24":{"start":{"line":39,"column":41},"end":{"line":39,"column":77}},"25":{"start":{"line":40,"column":32},"end":{"line":42,"column":33}},"26":{"start":{"line":41,"column":36},"end":{"line":41,"column":130}},"27":{"start":{"line":44,"column":28},"end":{"line":44,"column":34}},"28":{"start":{"line":46,"column":20},"end":{"line":46,"column":26}},"29":{"start":{"line":48,"column":20},"end":{"line":54,"column":21}},"30":{"start":{"line":52,"column":28},"end":{"line":52,"column":111}},"31":{"start":{"line":53,"column":28},"end":{"line":53,"column":34}},"32":{"start":{"line":55,"column":20},"end":{"line":55,"column":26}},"33":{"start":{"line":58,"column":8},"end":{"line":58,"column":17}},"34":{"start":{"line":62,"column":18},"end":{"line":62,"column":20}},"35":{"start":{"line":63,"column":8},"end":{"line":65,"column":9}},"36":{"start":{"line":64,"column":12},"end":{"line":64,"column":60}},"37":{"start":{"line":66,"column":8},"end":{"line":66,"column":16}},"38":{"start":{"line":72,"column":8},"end":{"line":80,"column":9}},"39":{"start":{"line":73,"column":12},"end":{"line":73,"column":42}},"40":{"start":{"line":74,"column":15},"end":{"line":80,"column":9}},"41":{"start":{"line":75,"column":12},"end":{"line":75,"column":22}},"42":{"start":{"line":76,"column":15},"end":{"line":80,"column":9}},"43":{"start":{"line":77,"column":12},"end":{"line":77,"column":44}},"44":{"start":{"line":79,"column":12},"end":{"line":79,"column":23}},"45":{"start":{"line":82,"column":8},"end":{"line":82,"column":56}}},"fnMap":{"0":{"name":"(anonymous_0)","decl":{"start":{"line":4,"column":19},"end":{"line":4,"column":20}},"loc":{"start":{"line":4,"column":33},"end":{"line":59,"column":5}},"line":4},"1":{"name":"(anonymous_1)","decl":{"start":{"line":61,"column":4},"end":{"line":61,"column":5}},"loc":{"start":{"line":61,"column":24},"end":{"line":67,"column":5}},"line":61},"2":{"name":"(anonymous_2)","decl":{"start":{"line":69,"column":4},"end":{"line":69,"column":5}},"loc":{"start":{"line":69,"column":26},"end":{"line":83,"column":5}},"line":69}},"branchMap":{"0":{"loc":{"start":{"line":7,"column":8},"end":{"line":10,"column":9}},"type":"if","locations":[{"start":{"line":7,"column":8},"end":{"line":10,"column":9}},{"start":{},"end":{}}],"line":7},"1":{"loc":{"start":{"line":7,"column":12},"end":{"line":7,"column":47}},"type":"binary-expr","locations":[{"start":{"line":7,"column":12},"end":{"line":7,"column":18}},{"start":{"line":7,"column":22},"end":{"line":7,"column":47}}],"line":7},"2":{"loc":{"start":{"line":13,"column":12},"end":{"line":15,"column":13}},"type":"if","locations":[{"start":{"line":13,"column":12},"end":{"line":15,"column":13}},{"start":{},"end":{}}],"line":13},"3":{"loc":{"start":{"line":16,"column":12},"end":{"line":56,"column":13}},"type":"switch","locations":[{"start":{"line":17,"column":16},"end":{"line":29,"column":26}},{"start":{"line":30,"column":16},"end":{"line":32,"column":26}},{"start":{"line":33,"column":16},"end":{"line":46,"column":26}},{"start":{"line":47,"column":16},"end":{"line":55,"column":26}}],"line":16},"4":{"loc":{"start":{"line":18,"column":20},"end":{"line":28,"column":21}},"type":"switch","locations":[{"start":{"line":19,"column":24},"end":{"line":19,"column":40}},{"start":{"line":20,"column":24},"end":{"line":24,"column":34}},{"start":{"line":25,"column":24},"end":{"line":26,"column":34}},{"start":{"line":27,"column":24},"end":{"line":27,"column":116}}],"line":18},"5":{"loc":{"start":{"line":21,"column":28},"end":{"line":23,"column":29}},"type":"if","locations":[{"start":{"line":21,"column":28},"end":{"line":23,"column":29}},{"start":{},"end":{}}],"line":21},"6":{"loc":{"start":{"line":34,"column":20},"end":{"line":45,"column":21}},"type":"switch","locations":[{"start":{"line":35,"column":24},"end":{"line":37,"column":34}},{"start":{"line":38,"column":24},"end":{"line":44,"column":34}}],"line":34},"7":{"loc":{"start":{"line":40,"column":32},"end":{"line":42,"column":33}},"type":"if","locations":[{"start":{"line":40,"column":32},"end":{"line":42,"column":33}},{"start":{},"end":{}}],"line":40},"8":{"loc":{"start":{"line":48,"column":20},"end":{"line":54,"column":21}},"type":"switch","locations":[{"start":{"line":49,"column":24},"end":{"line":49,"column":37}},{"start":{"line":50,"column":24},"end":{"line":50,"column":38}},{"start":{"line":51,"column":24},"end":{"line":53,"column":34}}],"line":48},"9":{"loc":{"start":{"line":72,"column":8},"end":{"line":80,"column":9}},"type":"if","locations":[{"start":{"line":72,"column":8},"end":{"line":80,"column":9}},{"start":{"line":74,"column":15},"end":{"line":80,"column":9}}],"line":72},"10":{"loc":{"start":{"line":72,"column":12},"end":{"line":72,"column":47}},"type":"binary-expr","locations":[{"start":{"line":72,"column":12},"end":{"line":72,"column":22}},{"start":{"line":72,"column":26},"end":{"line":72,"column":47}}],"line":72},"11":{"loc":{"start":{"line":74,"column":15},"end":{"line":80,"column":9}},"type":"if","locations":[{"start":{"line":74,"column":15},"end":{"line":80,"column":9}},{"start":{"line":76,"column":15},"end":{"line":80,"column":9}}],"line":74},"12":{"loc":{"start":{"line":76,"column":15},"end":{"line":80,"column":9}},"type":"if","locations":[{"start":{"line":76,"column":15},"end":{"line":80,"column":9}},{"start":{"line":78,"column":15},"end":{"line":80,"column":9}}],"line":76},"13":{"loc":{"start":{"line":82,"column":15},"end":{"line":82,"column":56}},"type":"cond-expr","locations":[{"start":{"line":82,"column":26},"end":{"line":82,"column":47}},{"start":{"line":82,"column":50},"end":{"line":82,"column":56}}],"line":82}},"s":{"0":0,"1":0,"2":0,"3":0,"4":0,"5":0,"6":0,"7":0,"8":0,"9":0,"10":0,"11":0,"12":0,"13":0,"14":0,"15":0,"16":0,"17":0,"18":0,"19":0,"20":0,"21":0,"22":0,"23":0,"24":0,"25":0,"26":0,"27":0,"28":0,"29":0,"30":0,"31":0,"32":0,"33":0,"34":0,"35":0,"36":0,"37":0,"38":0,"39":0,"40":0,"41":0,"42":0,"43":0,"44":0,"45":0},"f":{"0":0,"1":0,"2":0},"b":{"0":[0,0],"1":[0,0],"2":[0,0],"3":[0,0,0,0],"4":[0,0,0,0],"5":[0,0],"6":[0,0],"7":[0,0],"8":[0,0,0],"9":[0,0],"10":[0,0],"11":[0,0],"12":[0,0],"13":[0,0]},"inputSourceMap":null}
,"C:\\Projects\\Query\\src\\plugins\\utils.js": {"path":"C:\\Projects\\Query\\src\\plugins\\utils.js","statementMap":{"0":{"start":{"line":1,"column":21},"end":{"line":5,"column":1}},"1":{"start":{"line":3,"column":8},"end":{"line":3,"column":24}}},"fnMap":{"0":{"name":"(anonymous_0)","decl":{"start":{"line":2,"column":13},"end":{"line":2,"column":14}},"loc":{"start":{"line":2,"column":23},"end":{"line":4,"column":5}},"line":2}},"branchMap":{},"s":{"0":0,"1":0},"f":{"0":0},"b":{},"inputSourceMap":null}
,"C:\\Projects\\Query\\src\\plugins\\visibility.js": {"path":"C:\\Projects\\Query\\src\\plugins\\visibility.js","statementMap":{"0":{"start":{"line":5,"column":26},"end":{"line":15,"column":1}},"1":{"start":{"line":7,"column":8},"end":{"line":7,"column":60}},"2":{"start":{"line":10,"column":8},"end":{"line":10,"column":59}},"3":{"start":{"line":13,"column":8},"end":{"line":13,"column":58}}},"fnMap":{"0":{"name":"(anonymous_0)","decl":{"start":{"line":6,"column":4},"end":{"line":6,"column":5}},"loc":{"start":{"line":6,"column":16},"end":{"line":8,"column":5}},"line":6},"1":{"name":"(anonymous_1)","decl":{"start":{"line":9,"column":4},"end":{"line":9,"column":5}},"loc":{"start":{"line":9,"column":15},"end":{"line":11,"column":5}},"line":9},"2":{"name":"(anonymous_2)","decl":{"start":{"line":12,"column":4},"end":{"line":12,"column":5}},"loc":{"start":{"line":12,"column":14},"end":{"line":14,"column":5}},"line":12}},"branchMap":{"0":{"loc":{"start":{"line":7,"column":15},"end":{"line":7,"column":60}},"type":"cond-expr","locations":[{"start":{"line":7,"column":29},"end":{"line":7,"column":48}},{"start":{"line":7,"column":51},"end":{"line":7,"column":60}}],"line":7},"1":{"loc":{"start":{"line":10,"column":15},"end":{"line":10,"column":59}},"type":"cond-expr","locations":[{"start":{"line":10,"column":29},"end":{"line":10,"column":47}},{"start":{"line":10,"column":50},"end":{"line":10,"column":59}}],"line":10},"2":{"loc":{"start":{"line":13,"column":15},"end":{"line":13,"column":58}},"type":"cond-expr","locations":[{"start":{"line":13,"column":29},"end":{"line":13,"column":46}},{"start":{"line":13,"column":49},"end":{"line":13,"column":58}}],"line":13}},"s":{"0":0,"1":0,"2":0,"3":0},"f":{"0":0,"1":0,"2":0},"b":{"0":[0,0],"1":[0,0],"2":[0,0]},"inputSourceMap":null}
}
